
-------------- Error (2022-11-28 09:52:31.9754) --------------

  Call Site: Program.<Main>$
  Exception Type: Microsoft.Extensions.Hosting.HostFactoryResolver+HostingListener+StopTheHostException
  Exception Message: Exception of type 'Microsoft.Extensions.Hosting.HostFactoryResolver+HostingListener+StopTheHostException' was thrown.
  Stack Trace:    at Microsoft.Extensions.Hosting.HostFactoryResolver.HostingListener.OnNext(KeyValuePair`2 value)
   at System.Diagnostics.DiagnosticListener.Write(String name, Object value)
   at Microsoft.Extensions.Hosting.HostBuilder.Build()
   at Microsoft.AspNetCore.Builder.WebApplicationBuilder.Build()
   at Program.<Main>$(String[] args) in C:\Users\Ewa\source\Grande\HelpHome\HelpHome\Program.cs:line 33
  Additional Info: Stopped program because of exception


-------------- Error (2022-11-28 09:52:46.8965) --------------

  Call Site: Program.<Main>$
  Exception Type: Microsoft.Extensions.Hosting.HostFactoryResolver+HostingListener+StopTheHostException
  Exception Message: Exception of type 'Microsoft.Extensions.Hosting.HostFactoryResolver+HostingListener+StopTheHostException' was thrown.
  Stack Trace:    at Microsoft.Extensions.Hosting.HostFactoryResolver.HostingListener.OnNext(KeyValuePair`2 value)
   at System.Diagnostics.DiagnosticListener.Write(String name, Object value)
   at Microsoft.Extensions.Hosting.HostBuilder.Build()
   at Microsoft.AspNetCore.Builder.WebApplicationBuilder.Build()
   at Program.<Main>$(String[] args) in C:\Users\Ewa\source\Grande\HelpHome\HelpHome\Program.cs:line 33
  Additional Info: Stopped program because of exception


-------------- Error (2022-11-28 09:52:59.8159) --------------

  Call Site: Program.<Main>$
  Exception Type: Microsoft.Extensions.Hosting.HostFactoryResolver+HostingListener+StopTheHostException
  Exception Message: Exception of type 'Microsoft.Extensions.Hosting.HostFactoryResolver+HostingListener+StopTheHostException' was thrown.
  Stack Trace:    at Microsoft.Extensions.Hosting.HostFactoryResolver.HostingListener.OnNext(KeyValuePair`2 value)
   at System.Diagnostics.DiagnosticListener.Write(String name, Object value)
   at Microsoft.Extensions.Hosting.HostBuilder.Build()
   at Microsoft.AspNetCore.Builder.WebApplicationBuilder.Build()
   at Program.<Main>$(String[] args) in C:\Users\Ewa\source\Grande\HelpHome\HelpHome\Program.cs:line 33
  Additional Info: Stopped program because of exception


-------------- Error (2022-11-28 09:53:10.7894) --------------

  Call Site: Program.<Main>$
  Exception Type: Microsoft.Extensions.Hosting.HostFactoryResolver+HostingListener+StopTheHostException
  Exception Message: Exception of type 'Microsoft.Extensions.Hosting.HostFactoryResolver+HostingListener+StopTheHostException' was thrown.
  Stack Trace:    at Microsoft.Extensions.Hosting.HostFactoryResolver.HostingListener.OnNext(KeyValuePair`2 value)
   at System.Diagnostics.DiagnosticListener.Write(String name, Object value)
   at Microsoft.Extensions.Hosting.HostBuilder.Build()
   at Microsoft.AspNetCore.Builder.WebApplicationBuilder.Build()
   at Program.<Main>$(String[] args) in C:\Users\Ewa\source\Grande\HelpHome\HelpHome\Program.cs:line 33
  Additional Info: Stopped program because of exception


-------------- Error (2022-11-28 09:53:14.4126) --------------

  Call Site: Program.<Main>$
  Exception Type: Microsoft.Extensions.Hosting.HostFactoryResolver+HostingListener+StopTheHostException
  Exception Message: Exception of type 'Microsoft.Extensions.Hosting.HostFactoryResolver+HostingListener+StopTheHostException' was thrown.
  Stack Trace:    at Microsoft.Extensions.Hosting.HostFactoryResolver.HostingListener.OnNext(KeyValuePair`2 value)
   at System.Diagnostics.DiagnosticListener.Write(String name, Object value)
   at Microsoft.Extensions.Hosting.HostBuilder.Build()
   at Microsoft.AspNetCore.Builder.WebApplicationBuilder.Build()
   at Program.<Main>$(String[] args) in C:\Users\Ewa\source\Grande\HelpHome\HelpHome\Program.cs:line 33
  Additional Info: Stopped program because of exception


-------------- Error (2022-11-28 09:54:06.3074) --------------

  Call Site: Program.<Main>$
  Exception Type: Microsoft.Extensions.Hosting.HostFactoryResolver+HostingListener+StopTheHostException
  Exception Message: Exception of type 'Microsoft.Extensions.Hosting.HostFactoryResolver+HostingListener+StopTheHostException' was thrown.
  Stack Trace:    at Microsoft.Extensions.Hosting.HostFactoryResolver.HostingListener.OnNext(KeyValuePair`2 value)
   at System.Diagnostics.DiagnosticListener.Write(String name, Object value)
   at Microsoft.Extensions.Hosting.HostBuilder.Build()
   at Microsoft.AspNetCore.Builder.WebApplicationBuilder.Build()
   at Program.<Main>$(String[] args) in C:\Users\Ewa\source\Grande\HelpHome\HelpHome\Program.cs:line 33
  Additional Info: Stopped program because of exception


-------------- Error (2022-11-28 09:54:10.9664) --------------

  Call Site: Program.<Main>$
  Exception Type: Microsoft.Extensions.Hosting.HostFactoryResolver+HostingListener+StopTheHostException
  Exception Message: Exception of type 'Microsoft.Extensions.Hosting.HostFactoryResolver+HostingListener+StopTheHostException' was thrown.
  Stack Trace:    at Microsoft.Extensions.Hosting.HostFactoryResolver.HostingListener.OnNext(KeyValuePair`2 value)
   at System.Diagnostics.DiagnosticListener.Write(String name, Object value)
   at Microsoft.Extensions.Hosting.HostBuilder.Build()
   at Microsoft.AspNetCore.Builder.WebApplicationBuilder.Build()
   at Program.<Main>$(String[] args) in C:\Users\Ewa\source\Grande\HelpHome\HelpHome\Program.cs:line 33
  Additional Info: Stopped program because of exception


-------------- Error (2022-11-28 09:54:23.4099) --------------

  Call Site: Program.<Main>$
  Exception Type: Microsoft.Extensions.Hosting.HostFactoryResolver+HostingListener+StopTheHostException
  Exception Message: Exception of type 'Microsoft.Extensions.Hosting.HostFactoryResolver+HostingListener+StopTheHostException' was thrown.
  Stack Trace:    at Microsoft.Extensions.Hosting.HostFactoryResolver.HostingListener.OnNext(KeyValuePair`2 value)
   at System.Diagnostics.DiagnosticListener.Write(String name, Object value)
   at Microsoft.Extensions.Hosting.HostBuilder.Build()
   at Microsoft.AspNetCore.Builder.WebApplicationBuilder.Build()
   at Program.<Main>$(String[] args) in C:\Users\Ewa\source\Grande\HelpHome\HelpHome\Program.cs:line 33
  Additional Info: Stopped program because of exception


-------------- Error (2022-11-28 09:54:32.3816) --------------

  Call Site: Program.<Main>$
  Exception Type: Microsoft.Extensions.Hosting.HostFactoryResolver+HostingListener+StopTheHostException
  Exception Message: Exception of type 'Microsoft.Extensions.Hosting.HostFactoryResolver+HostingListener+StopTheHostException' was thrown.
  Stack Trace:    at Microsoft.Extensions.Hosting.HostFactoryResolver.HostingListener.OnNext(KeyValuePair`2 value)
   at System.Diagnostics.DiagnosticListener.Write(String name, Object value)
   at Microsoft.Extensions.Hosting.HostBuilder.Build()
   at Microsoft.AspNetCore.Builder.WebApplicationBuilder.Build()
   at Program.<Main>$(String[] args) in C:\Users\Ewa\source\Grande\HelpHome\HelpHome\Program.cs:line 33
  Additional Info: Stopped program because of exception


-------------- Error (2022-11-28 09:56:29.1295) --------------

  Call Site: HelpHomeApi.Log.Error
  Exception Type: System.InvalidOperationException
  Exception Message: Unable to resolve service for type 'Data.Services.IAddressServices' while attempting to activate 'HelpHomeApi.Controllers.AddressController'.
  Stack Trace:    at Microsoft.Extensions.DependencyInjection.ActivatorUtilities.GetService(IServiceProvider sp, Type type, Type requiredBy, Boolean isDefaultParameterRequired)
   at lambda_method2(Closure , IServiceProvider , Object[] )
   at Microsoft.AspNetCore.Mvc.Controllers.ControllerActivatorProvider.<>c__DisplayClass7_0.<CreateActivator>b__0(ControllerContext controllerContext)
   at Microsoft.AspNetCore.Mvc.Controllers.ControllerFactoryProvider.<>c__DisplayClass6_0.<CreateControllerFactory>g__CreateController|0(ControllerContext controllerContext)
   at Microsoft.AspNetCore.Mvc.Infrastructure.ControllerActionInvoker.Next(State& next, Scope& scope, Object& state, Boolean& isCompleted)
   at Microsoft.AspNetCore.Mvc.Infrastructure.ControllerActionInvoker.InvokeInnerFilterAsync()
--- End of stack trace from previous location ---
   at Microsoft.AspNetCore.Mvc.Infrastructure.ResourceInvoker.<InvokeFilterPipelineAsync>g__Awaited|20_0(ResourceInvoker invoker, Task lastTask, State next, Scope scope, Object state, Boolean isCompleted)
   at Microsoft.AspNetCore.Mvc.Infrastructure.ResourceInvoker.<InvokeAsync>g__Awaited|17_0(ResourceInvoker invoker, Task task, IDisposable scope)
   at Microsoft.AspNetCore.Mvc.Infrastructure.ResourceInvoker.<InvokeAsync>g__Awaited|17_0(ResourceInvoker invoker, Task task, IDisposable scope)
   at Microsoft.AspNetCore.Routing.EndpointMiddleware.<Invoke>g__AwaitRequestTask|6_0(Endpoint endpoint, Task requestTask, ILogger logger)
   at Microsoft.AspNetCore.Authorization.AuthorizationMiddleware.Invoke(HttpContext context)
   at HelpHomeApi.Middleware.ErrorHandlingMiddleware.InvokeAsync(HttpContext context, RequestDelegate next) in C:\Users\Ewa\source\Grande\HelpHome\HelpHome\Middleware\ErrorHandlingMiddleware.cs:line 16
  Additional Info: System.InvalidOperationException: Unable to resolve service for type 'Data.Services.IAddressServices' while attempting to activate 'HelpHomeApi.Controllers.AddressController'.


-------------- Error (2022-11-28 09:56:29.1954) --------------

  Call Site: HelpHomeApi.Log.Error
  Exception Type: 
  Exception Message: 
  Stack Trace: 
  Additional Info: Unable to resolve service for type 'Data.Services.IAddressServices' while attempting to activate 'HelpHomeApi.Controllers.AddressController'.

->(2022-11-28 10:13:02.1731) : Info : Seeker with id: 1 GET action invoked
->(2022-11-28 10:13:11.1837) : Info : All CarpetWashing offers from Seeker with id: 1 GET All action invoked
->(2022-11-28 10:13:58.9729) : Info : Cleaning offer with id: 0 GET action invoked
->(2022-11-28 10:21:26.7749) : Info : Cleaning offer with id: 0 GET action invoked
->(2022-11-28 10:22:39.0085) : Info : Cleaning offer with id: 0 GET action invoked
->(2022-11-28 10:24:23.7046) : Info : All CarpetWashing offers from Seeker with id: 1 GET All action invoked
->(2022-11-28 10:24:31.1451) : Info : Cleaning offer with id: 0 GET action invoked
->(2022-11-28 10:27:54.2858) : Info : All CarpetWashing offers from Seeker with id: 1 GET All action invoked
->(2022-11-28 10:33:02.9754) : Info : All CarpetWashing offers from Seeker with id: 1 GET All action invoked
->(2022-11-28 10:33:11.8691) : Info : Seeker with id: 1 GET action invoked
->(2022-11-28 10:33:17.4751) : Info : All CarpetWashing offers from Seeker with id: 1 GET All action invoked
->(2022-11-28 10:33:26.7588) : Info : All CWindowsCleaning offers from Seeker with id: 1 GET All action invoked
->(2022-11-28 10:34:02.6637) : Info : WindowsCleaning offer with id: 0 GET action invoked
->(2022-11-28 10:34:51.0398) : Info : All CWindowsCleaning offers from Seeker with id: 1 GET All action invoked
->(2022-11-28 10:38:20.7263) : Info : All CarpetWashing offers from Seeker with id: 1 GET All action invoked
->(2022-11-28 10:38:26.0742) : Info : Cleaning offer with id: 0 GET action invoked
->(2022-11-28 10:47:14.1358) : Info : Seekers GET AllWithOffers action invoked
->(2022-11-28 10:47:20.2358) : Info : Seeker with id: 1 GET action invoked
->(2022-11-28 10:47:28.2692) : Info : All CarpetWashing offers from Seeker with id: 1 GET All action invoked
->(2022-11-28 10:47:40.9183) : Info : Cleaning offer with id: 0 GET action invoked
->(2022-11-28 10:47:42.6790) : Info : All CarpetWashing offers from Seeker with id: 1 GET All action invoked
->(2022-11-28 12:19:25.3135) : Info : All CarpetWashing offers from Seeker with id: 1 GET All action invoked
->(2022-11-28 12:22:29.0627) : Info : All CarpetWashing offers from Seeker with id: 1 GET All action invoked
->(2022-11-28 12:25:10.8726) : Info : All CarpetWashing offers from Seeker with id: 1 GET All action invoked
->(2022-11-28 12:27:38.7725) : Info : All CarpetWashing offers from Seeker with id: 1 GET All action invoked
->(2022-11-28 12:27:47.0722) : Info : Seeker with id: 1 GET action invoked
->(2022-11-28 12:27:54.0009) : Info : All CarpetWashing offers from Seeker with id: 1 GET All action invoked
->(2022-11-28 12:27:56.5873) : Info : Cleaning offer with id: 0 GET action invoked
->(2022-11-28 12:30:47.8012) : Info : All CarpetWashing offers from Seeker with id: 1 GET All action invoked
->(2022-11-28 12:33:02.9280) : Info : All CarpetWashing offers from Seeker with id: 1 GET All action invoked

-------------- Error (2022-11-28 12:34:50.3342) --------------

  Call Site: Program.<Main>$
  Exception Type: Microsoft.Extensions.Hosting.HostFactoryResolver+HostingListener+StopTheHostException
  Exception Message: Exception of type 'Microsoft.Extensions.Hosting.HostFactoryResolver+HostingListener+StopTheHostException' was thrown.
  Stack Trace:    at Microsoft.Extensions.Hosting.HostFactoryResolver.HostingListener.OnNext(KeyValuePair`2 value)
   at System.Diagnostics.DiagnosticListener.Write(String name, Object value)
   at Microsoft.Extensions.Hosting.HostBuilder.Build()
   at Microsoft.AspNetCore.Builder.WebApplicationBuilder.Build()
   at Program.<Main>$(String[] args) in C:\Users\Ewa\source\Grande\HelpHome\HelpHome\Program.cs:line 34
  Additional Info: Stopped program because of exception


-------------- Error (2022-11-28 12:34:58.8594) --------------

  Call Site: Program.<Main>$
  Exception Type: Microsoft.Extensions.Hosting.HostFactoryResolver+HostingListener+StopTheHostException
  Exception Message: Exception of type 'Microsoft.Extensions.Hosting.HostFactoryResolver+HostingListener+StopTheHostException' was thrown.
  Stack Trace:    at Microsoft.Extensions.Hosting.HostFactoryResolver.HostingListener.OnNext(KeyValuePair`2 value)
   at System.Diagnostics.DiagnosticListener.Write(String name, Object value)
   at Microsoft.Extensions.Hosting.HostBuilder.Build()
   at Microsoft.AspNetCore.Builder.WebApplicationBuilder.Build()
   at Program.<Main>$(String[] args) in C:\Users\Ewa\source\Grande\HelpHome\HelpHome\Program.cs:line 34
  Additional Info: Stopped program because of exception

->(2022-11-28 12:35:20.6972) : Info : All CarpetWashing offers from Seeker with id: 1 GET All action invoked
->(2022-11-28 12:36:39.1455) : Info : Seekers GET AllWithOffers action invoked
->(2022-11-28 12:37:09.4509) : Info : Seekers GET AllWithOffers action invoked
->(2022-11-28 12:39:38.5290) : Info : Seekers GET AllWithOffers action invoked
->(2022-11-28 12:39:43.0047) : Info : Seeker with id: 1 GET action invoked
->(2022-11-28 12:39:50.0464) : Info : All CarpetWashing offers from Seeker with id: 1 GET All action invoked
->(2022-11-28 12:42:30.7633) : Info : All CarpetWashing offers from Seeker with id: 1 GET All action invoked
->(2022-11-28 12:42:35.8886) : Info : Cleaning offer with id: 0 GET action invoked
->(2022-11-28 12:43:24.6274) : Info : Seekers GET AllWithOffers action invoked
->(2022-11-28 12:43:27.0198) : Info : Seeker with id: 1 GET action invoked
->(2022-11-28 12:43:37.2535) : Info : All CarpetWashing offers from Seeker with id: 1 GET All action invoked
->(2022-11-28 12:59:21.2871) : Info : Cleaning offer with id: 0 GET action invoked

-------------- Error (2022-11-28 13:04:29.0682) --------------

  Call Site: Program.<Main>$
  Exception Type: Microsoft.Extensions.Hosting.HostFactoryResolver+HostingListener+StopTheHostException
  Exception Message: Exception of type 'Microsoft.Extensions.Hosting.HostFactoryResolver+HostingListener+StopTheHostException' was thrown.
  Stack Trace:    at Microsoft.Extensions.Hosting.HostFactoryResolver.HostingListener.OnNext(KeyValuePair`2 value)
   at System.Diagnostics.DiagnosticListener.Write(String name, Object value)
   at Microsoft.Extensions.Hosting.HostBuilder.Build()
   at Microsoft.AspNetCore.Builder.WebApplicationBuilder.Build()
   at Program.<Main>$(String[] args) in C:\Users\Ewa\source\Grande\HelpHome\HelpHome\Program.cs:line 34
  Additional Info: Stopped program because of exception


-------------- Error (2022-11-28 13:04:39.5045) --------------

  Call Site: Program.<Main>$
  Exception Type: Microsoft.Extensions.Hosting.HostFactoryResolver+HostingListener+StopTheHostException
  Exception Message: Exception of type 'Microsoft.Extensions.Hosting.HostFactoryResolver+HostingListener+StopTheHostException' was thrown.
  Stack Trace:    at Microsoft.Extensions.Hosting.HostFactoryResolver.HostingListener.OnNext(KeyValuePair`2 value)
   at System.Diagnostics.DiagnosticListener.Write(String name, Object value)
   at Microsoft.Extensions.Hosting.HostBuilder.Build()
   at Microsoft.AspNetCore.Builder.WebApplicationBuilder.Build()
   at Program.<Main>$(String[] args) in C:\Users\Ewa\source\Grande\HelpHome\HelpHome\Program.cs:line 34
  Additional Info: Stopped program because of exception

->(2022-11-28 13:05:07.4018) : Info : All CarpetWashing offers from Seeker with id: 1 GET All action invoked
->(2022-11-28 13:05:30.1459) : Info : All CarpetWashing offers from Seeker with id: 1 GET All action invoked
->(2022-11-28 13:07:41.2930) : Info : All CarpetWashing offers from Seeker with id: 1 GET All action invoked
->(2022-11-28 13:09:10.0479) : Info : All CarpetWashing offers from Seeker with id: 1 GET All action invoked
->(2022-11-28 13:09:15.1518) : Info : Cleaning offer with id: 0 GET action invoked
->(2022-11-28 13:09:37.7676) : Info : Cleaning offer with id: 0 GET action invoked
->(2022-11-28 13:13:22.8628) : Info : All CarpetWashing offers from Seeker with id: 1 GET All action invoked
->(2022-11-28 13:14:23.6790) : Info : All CarpetWashing offers from Seeker with id: 1 GET All action invoked
->(2022-11-28 16:02:28.6699) : Info : All CarpetWashing offers from Seeker with id: 1 GET All action invoked
->(2022-11-28 16:02:40.8488) : Info : All CarpetWashing offers from Seeker with id: 1 GET All action invoked
->(2022-11-28 16:02:50.0466) : Info : All CWindowsCleaning offers from Seeker with id: 1 GET All action invoked
->(2022-11-28 16:02:59.2770) : Info : All CarpetWashing offers from Seeker with id: 1 GET All action invoked
->(2022-11-28 16:06:20.1446) : Info : CarpetWashing offer with id: 0 GET action invoked
->(2022-11-28 16:07:14.6146) : Info : CarpetWashing offer with id: 0 GET action invoked
->(2022-11-28 16:11:40.8144) : Info : All CarpetWashing offers from Seeker with id: 1 GET All action invoked
->(2022-11-28 16:11:55.3874) : Info : All CarpetWashing offers from Seeker with id: 1 GET All action invoked
->(2022-11-28 16:12:01.3622) : Info : All CarpetWashing offers from Seeker with id: 1 GET All action invoked
->(2022-11-28 16:15:00.0419) : Info : All CarpetWashing offers from Seeker with id: 1 GET All action invoked
->(2022-11-28 16:17:19.1181) : Info : All CarpetWashing offers from Seeker with id: 1 GET All action invoked
->(2022-11-28 16:20:44.7491) : Info : All CarpetWashing offers from Seeker with id: 1 GET All action invoked
->(2022-11-28 16:22:08.7530) : Info : All CarpetWashing offers from Seeker with id: 1 GET All action invoked
->(2022-11-28 16:24:47.3705) : Info : CarpetWashing offer with id: 0 GET action invoked
