2022-11-18 15:01:15.0938 DEBUG Registered model binder providers, in the following order: Microsoft.AspNetCore.Mvc.ModelBinding.Binders.BinderTypeModelBinderProvider, Microsoft.AspNetCore.Mvc.ModelBinding.Binders.ServicesModelBinderProvider, Microsoft.AspNetCore.Mvc.ModelBinding.Binders.BodyModelBinderProvider, Microsoft.AspNetCore.Mvc.ModelBinding.Binders.HeaderModelBinderProvider, Microsoft.AspNetCore.Mvc.ModelBinding.Binders.FloatingPointTypeModelBinderProvider, Microsoft.AspNetCore.Mvc.ModelBinding.Binders.EnumTypeModelBinderProvider, Microsoft.AspNetCore.Mvc.ModelBinding.Binders.DateTimeModelBinderProvider, Microsoft.AspNetCore.Mvc.ModelBinding.Binders.SimpleTypeModelBinderProvider, Microsoft.AspNetCore.Mvc.ModelBinding.Binders.CancellationTokenModelBinderProvider, Microsoft.AspNetCore.Mvc.ModelBinding.Binders.ByteArrayModelBinderProvider, Microsoft.AspNetCore.Mvc.ModelBinding.Binders.FormFileModelBinderProvider, Microsoft.AspNetCore.Mvc.ModelBinding.Binders.FormCollectionModelBinderProvider, Microsoft.AspNetCore.Mvc.ModelBinding.Binders.KeyValuePairModelBinderProvider, Microsoft.AspNetCore.Mvc.ModelBinding.Binders.DictionaryModelBinderProvider, Microsoft.AspNetCore.Mvc.ModelBinding.Binders.ArrayModelBinderProvider, Microsoft.AspNetCore.Mvc.ModelBinding.Binders.CollectionModelBinderProvider, Microsoft.AspNetCore.Mvc.ModelBinding.Binders.ComplexObjectModelBinderProvider
2022-11-18 15:01:15.3237 DEBUG Hosting starting
2022-11-18 15:01:15.4115 DEBUG Loaded hosting startup assembly HelpHomeApi
2022-11-18 15:01:15.4115 DEBUG Loaded hosting startup assembly Microsoft.AspNetCore.Watch.BrowserRefresh
2022-11-18 15:01:15.4115 DEBUG Loaded hosting startup assembly Microsoft.WebTools.BrowserLink.Net
2022-11-18 15:01:15.4274 INFO Application started. Press Ctrl+C to shut down.
2022-11-18 15:01:15.4274 INFO Hosting environment: Development
2022-11-18 15:01:15.4599 INFO Content root path: C:\Users\Dell\source\repos\HelpHome\HelpHome\
2022-11-18 15:01:15.4599 DEBUG Hosting started
2022-11-18 15:01:15.4859 INFO Request starting HTTP/2 GET https://localhost:44308/weatherforecast - -
2022-11-18 15:01:15.6106 DEBUG Wildcard detected, all requests with hosts will be allowed.
2022-11-18 15:01:15.6106 TRACE All hosts are allowed.
2022-11-18 15:01:15.6733 DEBUG No candidates found for the request path '/weatherforecast'
2022-11-18 15:01:15.6733 DEBUG Request did not match any endpoints
2022-11-18 15:01:15.7505 DEBUG Connection ID "18086456113720459265" disconnecting.
2022-11-18 15:01:15.7505 INFO Request finished HTTP/2 GET https://localhost:44308/weatherforecast - - - 404 - - 270.3391ms
2022-11-18 15:02:23.7665 INFO Request starting HTTP/1.1 DELETE https://localhost:44308/api/seekers/44 application/json 56
2022-11-18 15:02:23.7665 TRACE All hosts are allowed.
2022-11-18 15:02:23.8249 DEBUG 1 candidate(s) found for the request path '/api/seekers/44'
2022-11-18 15:02:23.8249 DEBUG Endpoint 'HelpHomeApi.Controllers.SeekerController.Delete (HelpHomeApi)' with route pattern 'api/seekers/{id}' is valid for the request path '/api/seekers/44'
2022-11-18 15:02:23.8249 DEBUG Request matched endpoint 'HelpHomeApi.Controllers.SeekerController.Delete (HelpHomeApi)'
2022-11-18 15:02:23.8321 INFO Executing endpoint 'HelpHomeApi.Controllers.SeekerController.Delete (HelpHomeApi)'
2022-11-18 15:02:23.9015 INFO Route matched with {action = "Delete", controller = "Seeker"}. Executing controller action with signature Microsoft.AspNetCore.Mvc.ActionResult Delete(Int32) on controller HelpHomeApi.Controllers.SeekerController (HelpHomeApi).
2022-11-18 15:02:23.9015 DEBUG Execution plan of authorization filters (in the following order): None
2022-11-18 15:02:23.9015 DEBUG Execution plan of resource filters (in the following order): None
2022-11-18 15:02:23.9015 DEBUG Execution plan of action filters (in the following order): Microsoft.AspNetCore.Mvc.Filters.ControllerActionFilter (Order: -2147483648), Microsoft.AspNetCore.Mvc.ModelBinding.UnsupportedContentTypeFilter (Order: -3000), Microsoft.AspNetCore.Mvc.Infrastructure.ModelStateInvalidFilter (Order: -2000)
2022-11-18 15:02:23.9015 DEBUG Execution plan of exception filters (in the following order): None
2022-11-18 15:02:23.9015 DEBUG Execution plan of result filters (in the following order): Microsoft.AspNetCore.Mvc.Infrastructure.ClientErrorResultFilter (Order: -2000)
2022-11-18 15:02:23.9015 DEBUG Executing controller factory for controller HelpHomeApi.Controllers.SeekerController (HelpHomeApi)
2022-11-18 15:02:24.1844 DEBUG An 'IServiceProvider' was created for internal use by Entity Framework.
2022-11-18 15:02:24.4695 DEBUG Executed controller factory for controller HelpHomeApi.Controllers.SeekerController (HelpHomeApi)
2022-11-18 15:02:24.4762 DEBUG Attempting to bind parameter 'id' of type 'System.Int32' ...
2022-11-18 15:02:24.4762 DEBUG Attempting to bind parameter 'id' of type 'System.Int32' using the name 'id' in request data ...
2022-11-18 15:02:24.4762 DEBUG Done attempting to bind parameter 'id' of type 'System.Int32'.
2022-11-18 15:02:24.4762 DEBUG Done attempting to bind parameter 'id' of type 'System.Int32'.
2022-11-18 15:02:24.4762 DEBUG Attempting to validate the bound parameter 'id' of type 'System.Int32' ...
2022-11-18 15:02:24.4762 DEBUG Done attempting to validate the bound parameter 'id' of type 'System.Int32'.
2022-11-18 15:02:24.4866 TRACE Action Filter: Before executing OnActionExecutionAsync on filter Microsoft.AspNetCore.Mvc.Filters.ControllerActionFilter.
2022-11-18 15:02:24.4866 TRACE Action Filter: Before executing OnActionExecuting on filter Microsoft.AspNetCore.Mvc.ModelBinding.UnsupportedContentTypeFilter.
2022-11-18 15:02:24.4866 TRACE Action Filter: After executing OnActionExecuting on filter Microsoft.AspNetCore.Mvc.ModelBinding.UnsupportedContentTypeFilter.
2022-11-18 15:02:24.4866 TRACE Action Filter: Before executing OnActionExecuting on filter Microsoft.AspNetCore.Mvc.Infrastructure.ModelStateInvalidFilter.
2022-11-18 15:02:24.4866 TRACE Action Filter: After executing OnActionExecuting on filter Microsoft.AspNetCore.Mvc.Infrastructure.ModelStateInvalidFilter.
2022-11-18 15:02:24.4866 INFO Executing action method HelpHomeApi.Controllers.SeekerController.Delete (HelpHomeApi) - Validation state: Valid
2022-11-18 15:02:24.4866 TRACE Executing action method HelpHomeApi.Controllers.SeekerController.Delete (HelpHomeApi) with arguments (44)
2022-11-18 15:02:25.7459 DEBUG The property 'Seeker.OfferentId' was created in shadow state because there are no eligible CLR members with a matching name.
2022-11-18 15:02:26.0971 INFO Entity Framework Core 6.0.10 initialized 'HelpHomeDbContext' using provider 'Microsoft.EntityFrameworkCore.SqlServer:6.0.10' with options: None
2022-11-18 15:02:26.2700 DEBUG Compiling query expression: 
'DbSet<Seeker>()
    .FirstOrDefault(u => u.Id == __id_0)'
2022-11-18 15:02:26.8233 DEBUG Generated query execution expression: 
'queryContext => new SingleQueryingEnumerable<Seeker>(
    (RelationalQueryContext)queryContext, 
    RelationalCommandCache.SelectExpression(
        Projection Mapping:
            EmptyProjectionMember -> Dictionary<IProperty, int> { [Property: Seeker.Id (int) Required PK AfterSave:Throw ValueGenerated.OnAdd, 0], [Property: Seeker.Email (string) Required, 1], [Property: Seeker.Name (string) Required MaxLength(25), 2], [Property: Seeker.OfferentId (no field, int?) Shadow FK Index, 3], [Property: Seeker.PhoneNumber (string) Required, 4] }
        SELECT TOP(1) s.Id, s.Email, s.Name, s.OfferentId, s.PhoneNumber
        FROM Seekers AS s
        WHERE s.Id == @__id_0), 
    Func<QueryContext, DbDataReader, ResultContext, SingleQueryResultCoordinator, Seeker>, 
    Data.HelpHomeDbContext, 
    False, 
    False, 
    True
)
    .SingleOrDefault()'
2022-11-18 15:02:26.9200 DEBUG Creating DbCommand for 'ExecuteReader'.
2022-11-18 15:02:26.9973 DEBUG Created DbCommand for 'ExecuteReader' (74ms).
2022-11-18 15:02:27.0193 DEBUG Opening connection to database 'HelpHomeDb' on server 'DESKTOP-JAJPFAO'.
2022-11-18 15:02:42.7580 ERROR An error occurred using the connection to database 'HelpHomeDb' on server 'DESKTOP-JAJPFAO'.
2022-11-18 15:02:42.8759 ERROR An exception occurred while iterating over the results of a query for context type 'Data.HelpHomeDbContext'.
Microsoft.Data.SqlClient.SqlException (0x80131904): A network-related or instance-specific error occurred while establishing a connection to SQL Server. The server was not found or was not accessible. Verify that the instance name is correct and that SQL Server is configured to allow remote connections. (provider: Named Pipes Provider, error: 40 - Could not open a connection to SQL Server)
 ---> System.ComponentModel.Win32Exception (53): Nie można odnaleźć ścieżki sieciowej.
   at Microsoft.Data.SqlClient.TdsParser.ThrowExceptionAndWarning(TdsParserStateObject stateObj, Boolean callerHasConnectionLock, Boolean asyncClose)
   at Microsoft.Data.SqlClient.TdsParser.Connect(ServerInfo serverInfo, SqlInternalConnectionTds connHandler, Boolean ignoreSniOpenTimeout, Int64 timerExpire, Boolean encrypt, Boolean trustServerCert, Boolean integratedSecurity, Boolean withFailover, SqlAuthenticationMethod authType)
   at Microsoft.Data.SqlClient.SqlInternalConnectionTds.AttemptOneLogin(ServerInfo serverInfo, String newPassword, SecureString newSecurePassword, Boolean ignoreSniOpenTimeout, TimeoutTimer timeout, Boolean withFailover)
   at Microsoft.Data.SqlClient.SqlInternalConnectionTds.LoginNoFailover(ServerInfo serverInfo, String newPassword, SecureString newSecurePassword, Boolean redirectedUserInstance, SqlConnectionString connectionOptions, SqlCredential credential, TimeoutTimer timeout)
   at Microsoft.Data.SqlClient.SqlInternalConnectionTds.OpenLoginEnlist(TimeoutTimer timeout, SqlConnectionString connectionOptions, SqlCredential credential, String newPassword, SecureString newSecurePassword, Boolean redirectedUserInstance)
   at Microsoft.Data.SqlClient.SqlInternalConnectionTds..ctor(DbConnectionPoolIdentity identity, SqlConnectionString connectionOptions, SqlCredential credential, Object providerInfo, String newPassword, SecureString newSecurePassword, Boolean redirectedUserInstance, SqlConnectionString userConnectionOptions, SessionData reconnectSessionData, Boolean applyTransientFaultHandling, String accessToken, DbConnectionPool pool)
   at Microsoft.Data.SqlClient.SqlConnectionFactory.CreateConnection(DbConnectionOptions options, DbConnectionPoolKey poolKey, Object poolGroupProviderInfo, DbConnectionPool pool, DbConnection owningConnection, DbConnectionOptions userOptions)
   at Microsoft.Data.ProviderBase.DbConnectionFactory.CreatePooledConnection(DbConnectionPool pool, DbConnection owningObject, DbConnectionOptions options, DbConnectionPoolKey poolKey, DbConnectionOptions userOptions)
   at Microsoft.Data.ProviderBase.DbConnectionPool.CreateObject(DbConnection owningObject, DbConnectionOptions userOptions, DbConnectionInternal oldConnection)
   at Microsoft.Data.ProviderBase.DbConnectionPool.UserCreateRequest(DbConnection owningObject, DbConnectionOptions userOptions, DbConnectionInternal oldConnection)
   at Microsoft.Data.ProviderBase.DbConnectionPool.TryGetConnection(DbConnection owningObject, UInt32 waitForMultipleObjectsTimeout, Boolean allowCreate, Boolean onlyOneCheckConnection, DbConnectionOptions userOptions, DbConnectionInternal& connection)
   at Microsoft.Data.ProviderBase.DbConnectionPool.TryGetConnection(DbConnection owningObject, TaskCompletionSource`1 retry, DbConnectionOptions userOptions, DbConnectionInternal& connection)
   at Microsoft.Data.ProviderBase.DbConnectionFactory.TryGetConnection(DbConnection owningConnection, TaskCompletionSource`1 retry, DbConnectionOptions userOptions, DbConnectionInternal oldConnection, DbConnectionInternal& connection)
   at Microsoft.Data.ProviderBase.DbConnectionInternal.TryOpenConnectionInternal(DbConnection outerConnection, DbConnectionFactory connectionFactory, TaskCompletionSource`1 retry, DbConnectionOptions userOptions)
   at Microsoft.Data.SqlClient.SqlConnection.TryOpen(TaskCompletionSource`1 retry, SqlConnectionOverrides overrides)
   at Microsoft.Data.SqlClient.SqlConnection.Open(SqlConnectionOverrides overrides)
   at Microsoft.EntityFrameworkCore.Storage.RelationalConnection.OpenInternal(Boolean errorsExpected)
   at Microsoft.EntityFrameworkCore.Storage.RelationalConnection.Open(Boolean errorsExpected)
   at Microsoft.EntityFrameworkCore.Storage.RelationalCommand.ExecuteReader(RelationalCommandParameterObject parameterObject)
   at Microsoft.EntityFrameworkCore.Query.Internal.SingleQueryingEnumerable`1.Enumerator.InitializeReader(Enumerator enumerator)
   at Microsoft.EntityFrameworkCore.SqlServer.Storage.Internal.SqlServerExecutionStrategy.Execute[TState,TResult](TState state, Func`3 operation, Func`3 verifySucceeded)
   at Microsoft.EntityFrameworkCore.Query.Internal.SingleQueryingEnumerable`1.Enumerator.MoveNext()
ClientConnectionId:00000000-0000-0000-0000-000000000000
Error Number:53,State:0,Class:20
2022-11-18 15:02:43.0207 TRACE Action Filter: Before executing OnActionExecuted on filter Microsoft.AspNetCore.Mvc.Infrastructure.ModelStateInvalidFilter.
2022-11-18 15:02:43.0207 TRACE Action Filter: After executing OnActionExecuted on filter Microsoft.AspNetCore.Mvc.Infrastructure.ModelStateInvalidFilter.
2022-11-18 15:02:43.0207 TRACE Action Filter: Before executing OnActionExecuted on filter Microsoft.AspNetCore.Mvc.ModelBinding.UnsupportedContentTypeFilter.
2022-11-18 15:02:43.0207 TRACE Action Filter: After executing OnActionExecuted on filter Microsoft.AspNetCore.Mvc.ModelBinding.UnsupportedContentTypeFilter.
2022-11-18 15:02:43.0207 TRACE Action Filter: After executing OnActionExecutionAsync on filter Microsoft.AspNetCore.Mvc.Filters.ControllerActionFilter.
2022-11-18 15:02:43.0207 INFO Executed action HelpHomeApi.Controllers.SeekerController.Delete (HelpHomeApi) in 19116.8969ms
2022-11-18 15:02:43.0388 INFO Executed endpoint 'HelpHomeApi.Controllers.SeekerController.Delete (HelpHomeApi)'
2022-11-18 15:02:43.1055 ERROR An unhandled exception has occurred while executing the request.
2022-11-18 15:02:43.1414 DEBUG 'HelpHomeDbContext' disposed.
2022-11-18 15:02:43.1546 INFO Request finished HTTP/1.1 DELETE https://localhost:44308/api/seekers/44 application/json 56 - 500 - text/plain;+charset=utf-8 19388.1607ms
2022-11-18 15:03:54.1572 DEBUG An 'IServiceProvider' was created for internal use by Entity Framework.
2022-11-18 15:03:54.9627 DEBUG The property 'Seeker.OfferentId' was created in shadow state because there are no eligible CLR members with a matching name.
2022-11-18 15:03:55.1800 INFO Entity Framework Core 6.0.10 initialized 'HelpHomeDbContext' using provider 'Microsoft.EntityFrameworkCore.SqlServer:6.0.10' with options: None
2022-11-18 15:03:55.2048 DEBUG 'HelpHomeDbContext' disposed.
2022-11-18 15:04:07.9684 DEBUG An 'IServiceProvider' was created for internal use by Entity Framework.
2022-11-18 15:04:08.9613 DEBUG The property 'Seeker.OfferentId' was created in shadow state because there are no eligible CLR members with a matching name.
2022-11-18 15:04:09.5220 INFO Entity Framework Core 6.0.10 initialized 'HelpHomeDbContext' using provider 'Microsoft.EntityFrameworkCore.SqlServer:6.0.10' with options: None
2022-11-18 15:04:09.5902 DEBUG The property 'Seeker.OfferentId' was created in shadow state because there are no eligible CLR members with a matching name.
2022-11-18 15:04:09.6451 DEBUG 'HelpHomeDbContext' disposed.
2022-11-18 15:04:39.8388 DEBUG An 'IServiceProvider' was created for internal use by Entity Framework.
2022-11-18 15:04:40.7314 DEBUG The property 'Seeker.OfferentId' was created in shadow state because there are no eligible CLR members with a matching name.
2022-11-18 15:04:40.9425 INFO Entity Framework Core 6.0.10 initialized 'HelpHomeDbContext' using provider 'Microsoft.EntityFrameworkCore.SqlServer:6.0.10' with options: None
2022-11-18 15:04:41.0432 DEBUG The property 'Seeker.OfferentId' was created in shadow state because there are no eligible CLR members with a matching name.
2022-11-18 15:04:41.2061 DEBUG Context 'HelpHomeDbContext' started tracking 'Address' entity. Consider using 'DbContextOptionsBuilder.EnableSensitiveDataLogging' to see key values.
2022-11-18 15:04:41.2263 DEBUG Context 'HelpHomeDbContext' started tracking 'Cleaning' entity. Consider using 'DbContextOptionsBuilder.EnableSensitiveDataLogging' to see key values.
2022-11-18 15:04:41.2536 DEBUG Context 'HelpHomeDbContext' started tracking 'Offerent' entity. Consider using 'DbContextOptionsBuilder.EnableSensitiveDataLogging' to see key values.
2022-11-18 15:04:41.2536 DEBUG Context 'HelpHomeDbContext' started tracking 'Offerent' entity. Consider using 'DbContextOptionsBuilder.EnableSensitiveDataLogging' to see key values.
2022-11-18 15:04:41.2706 DEBUG Context 'HelpHomeDbContext' started tracking 'Seeker' entity. Consider using 'DbContextOptionsBuilder.EnableSensitiveDataLogging' to see key values.
2022-11-18 15:04:41.2706 DEBUG Context 'HelpHomeDbContext' started tracking 'Seeker' entity. Consider using 'DbContextOptionsBuilder.EnableSensitiveDataLogging' to see key values.
2022-11-18 15:04:41.3075 DEBUG Context 'HelpHomeDbContext' started tracking 'Address' entity. Consider using 'DbContextOptionsBuilder.EnableSensitiveDataLogging' to see key values.
2022-11-18 15:04:41.3499 DEBUG Context 'HelpHomeDbContext' started tracking 'Cleaning' entity. Consider using 'DbContextOptionsBuilder.EnableSensitiveDataLogging' to see key values.
2022-11-18 15:04:41.3773 DEBUG Context 'HelpHomeDbContext' started tracking 'Offerent' entity. Consider using 'DbContextOptionsBuilder.EnableSensitiveDataLogging' to see key values.
2022-11-18 15:04:41.3773 DEBUG Context 'HelpHomeDbContext' started tracking 'Offerent' entity. Consider using 'DbContextOptionsBuilder.EnableSensitiveDataLogging' to see key values.
2022-11-18 15:04:41.4106 DEBUG Context 'HelpHomeDbContext' started tracking 'Seeker' entity. Consider using 'DbContextOptionsBuilder.EnableSensitiveDataLogging' to see key values.
2022-11-18 15:04:41.4106 DEBUG Context 'HelpHomeDbContext' started tracking 'Seeker' entity. Consider using 'DbContextOptionsBuilder.EnableSensitiveDataLogging' to see key values.
2022-11-18 15:04:41.4363 DEBUG An entity of type 'Address' tracked by 'HelpHomeDbContext' changed state from 'Added' to 'Unchanged'. Consider using 'DbContextOptionsBuilder.EnableSensitiveDataLogging' to see key values.
2022-11-18 15:04:41.4434 DEBUG An entity of type 'Cleaning' tracked by 'HelpHomeDbContext' changed state from 'Added' to 'Unchanged'. Consider using 'DbContextOptionsBuilder.EnableSensitiveDataLogging' to see key values.
2022-11-18 15:04:41.4434 DEBUG An entity of type 'Cleaning' tracked by 'HelpHomeDbContext' changed state from 'Unchanged' to 'Modified'. Consider using 'DbContextOptionsBuilder.EnableSensitiveDataLogging' to see key values.
2022-11-18 15:04:41.4585 DEBUG An entity of type 'Offerent' tracked by 'HelpHomeDbContext' changed state from 'Added' to 'Unchanged'. Consider using 'DbContextOptionsBuilder.EnableSensitiveDataLogging' to see key values.
2022-11-18 15:04:41.4585 DEBUG An entity of type 'Offerent' tracked by 'HelpHomeDbContext' changed state from 'Added' to 'Unchanged'. Consider using 'DbContextOptionsBuilder.EnableSensitiveDataLogging' to see key values.
2022-11-18 15:04:41.4585 DEBUG An entity of type 'Seeker' tracked by 'HelpHomeDbContext' changed state from 'Added' to 'Unchanged'. Consider using 'DbContextOptionsBuilder.EnableSensitiveDataLogging' to see key values.
2022-11-18 15:04:41.4585 DEBUG An entity of type 'Seeker' tracked by 'HelpHomeDbContext' changed state from 'Added' to 'Unchanged'. Consider using 'DbContextOptionsBuilder.EnableSensitiveDataLogging' to see key values.
2022-11-18 15:04:41.4799 DEBUG DetectChanges starting for 'HelpHomeDbContext'.
2022-11-18 15:04:41.4913 DEBUG DetectChanges completed for 'HelpHomeDbContext'.
2022-11-18 15:04:41.4913 DEBUG DetectChanges starting for 'HelpHomeDbContext'.
2022-11-18 15:04:41.4913 DEBUG DetectChanges completed for 'HelpHomeDbContext'.
2022-11-18 15:04:41.5506 DEBUG Context 'HelpHomeDbContext' started tracking 'Address' entity. Consider using 'DbContextOptionsBuilder.EnableSensitiveDataLogging' to see key values.
2022-11-18 15:04:41.5506 DEBUG Context 'HelpHomeDbContext' started tracking 'Cleaning' entity. Consider using 'DbContextOptionsBuilder.EnableSensitiveDataLogging' to see key values.
2022-11-18 15:04:41.5506 DEBUG Context 'HelpHomeDbContext' started tracking 'Offerent' entity. Consider using 'DbContextOptionsBuilder.EnableSensitiveDataLogging' to see key values.
2022-11-18 15:04:41.5506 DEBUG Context 'HelpHomeDbContext' started tracking 'Offerent' entity. Consider using 'DbContextOptionsBuilder.EnableSensitiveDataLogging' to see key values.
2022-11-18 15:04:41.5506 DEBUG Context 'HelpHomeDbContext' started tracking 'Seeker' entity. Consider using 'DbContextOptionsBuilder.EnableSensitiveDataLogging' to see key values.
2022-11-18 15:04:41.5506 DEBUG Context 'HelpHomeDbContext' started tracking 'Seeker' entity. Consider using 'DbContextOptionsBuilder.EnableSensitiveDataLogging' to see key values.
2022-11-18 15:04:41.5506 DEBUG Context 'HelpHomeDbContext' started tracking 'Address' entity. Consider using 'DbContextOptionsBuilder.EnableSensitiveDataLogging' to see key values.
2022-11-18 15:04:41.5506 DEBUG Context 'HelpHomeDbContext' started tracking 'Cleaning' entity. Consider using 'DbContextOptionsBuilder.EnableSensitiveDataLogging' to see key values.
2022-11-18 15:04:41.5506 DEBUG Context 'HelpHomeDbContext' started tracking 'Offerent' entity. Consider using 'DbContextOptionsBuilder.EnableSensitiveDataLogging' to see key values.
2022-11-18 15:04:41.5506 DEBUG Context 'HelpHomeDbContext' started tracking 'Offerent' entity. Consider using 'DbContextOptionsBuilder.EnableSensitiveDataLogging' to see key values.
2022-11-18 15:04:41.5506 DEBUG Context 'HelpHomeDbContext' started tracking 'Seeker' entity. Consider using 'DbContextOptionsBuilder.EnableSensitiveDataLogging' to see key values.
2022-11-18 15:04:41.5506 DEBUG Context 'HelpHomeDbContext' started tracking 'Seeker' entity. Consider using 'DbContextOptionsBuilder.EnableSensitiveDataLogging' to see key values.
2022-11-18 15:04:41.5506 DEBUG An entity of type 'Address' tracked by 'HelpHomeDbContext' changed state from 'Added' to 'Unchanged'. Consider using 'DbContextOptionsBuilder.EnableSensitiveDataLogging' to see key values.
2022-11-18 15:04:41.5506 DEBUG An entity of type 'Cleaning' tracked by 'HelpHomeDbContext' changed state from 'Added' to 'Unchanged'. Consider using 'DbContextOptionsBuilder.EnableSensitiveDataLogging' to see key values.
2022-11-18 15:04:41.5506 DEBUG An entity of type 'Cleaning' tracked by 'HelpHomeDbContext' changed state from 'Unchanged' to 'Modified'. Consider using 'DbContextOptionsBuilder.EnableSensitiveDataLogging' to see key values.
2022-11-18 15:04:41.5506 DEBUG An entity of type 'Offerent' tracked by 'HelpHomeDbContext' changed state from 'Added' to 'Unchanged'. Consider using 'DbContextOptionsBuilder.EnableSensitiveDataLogging' to see key values.
2022-11-18 15:04:41.5506 DEBUG An entity of type 'Offerent' tracked by 'HelpHomeDbContext' changed state from 'Added' to 'Unchanged'. Consider using 'DbContextOptionsBuilder.EnableSensitiveDataLogging' to see key values.
2022-11-18 15:04:41.5506 DEBUG An entity of type 'Seeker' tracked by 'HelpHomeDbContext' changed state from 'Added' to 'Unchanged'. Consider using 'DbContextOptionsBuilder.EnableSensitiveDataLogging' to see key values.
2022-11-18 15:04:41.5506 DEBUG An entity of type 'Seeker' tracked by 'HelpHomeDbContext' changed state from 'Added' to 'Unchanged'. Consider using 'DbContextOptionsBuilder.EnableSensitiveDataLogging' to see key values.
2022-11-18 15:04:41.5506 DEBUG DetectChanges starting for 'HelpHomeDbContext'.
2022-11-18 15:04:41.5506 DEBUG DetectChanges completed for 'HelpHomeDbContext'.
2022-11-18 15:04:41.5506 DEBUG DetectChanges starting for 'HelpHomeDbContext'.
2022-11-18 15:04:41.5506 DEBUG DetectChanges completed for 'HelpHomeDbContext'.
2022-11-18 15:04:41.6622 DEBUG 'HelpHomeDbContext' disposed.
2022-11-18 15:04:55.2527 DEBUG An 'IServiceProvider' was created for internal use by Entity Framework.
2022-11-18 15:04:56.1591 DEBUG The property 'Seeker.OfferentId' was created in shadow state because there are no eligible CLR members with a matching name.
2022-11-18 15:04:56.3807 INFO Entity Framework Core 6.0.10 initialized 'HelpHomeDbContext' using provider 'Microsoft.EntityFrameworkCore.SqlServer:6.0.10' with options: None
2022-11-18 15:04:56.4453 DEBUG Migrating using database 'HelpHomeDb' on server 'DESKTOP-JAJPFAO'.
2022-11-18 15:04:56.4453 DEBUG Opening connection to database 'HelpHomeDb' on server 'DESKTOP-JAJPFAO'.
2022-11-18 15:05:11.8622 DEBUG An error occurred using the connection to database 'HelpHomeDb' on server 'DESKTOP-JAJPFAO'.
2022-11-18 15:05:11.8798 DEBUG 'HelpHomeDbContext' disposed.
2022-11-18 15:19:41.3812 DEBUG Registered model binder providers, in the following order: Microsoft.AspNetCore.Mvc.ModelBinding.Binders.BinderTypeModelBinderProvider, Microsoft.AspNetCore.Mvc.ModelBinding.Binders.ServicesModelBinderProvider, Microsoft.AspNetCore.Mvc.ModelBinding.Binders.BodyModelBinderProvider, Microsoft.AspNetCore.Mvc.ModelBinding.Binders.HeaderModelBinderProvider, Microsoft.AspNetCore.Mvc.ModelBinding.Binders.FloatingPointTypeModelBinderProvider, Microsoft.AspNetCore.Mvc.ModelBinding.Binders.EnumTypeModelBinderProvider, Microsoft.AspNetCore.Mvc.ModelBinding.Binders.DateTimeModelBinderProvider, Microsoft.AspNetCore.Mvc.ModelBinding.Binders.SimpleTypeModelBinderProvider, Microsoft.AspNetCore.Mvc.ModelBinding.Binders.CancellationTokenModelBinderProvider, Microsoft.AspNetCore.Mvc.ModelBinding.Binders.ByteArrayModelBinderProvider, Microsoft.AspNetCore.Mvc.ModelBinding.Binders.FormFileModelBinderProvider, Microsoft.AspNetCore.Mvc.ModelBinding.Binders.FormCollectionModelBinderProvider, Microsoft.AspNetCore.Mvc.ModelBinding.Binders.KeyValuePairModelBinderProvider, Microsoft.AspNetCore.Mvc.ModelBinding.Binders.DictionaryModelBinderProvider, Microsoft.AspNetCore.Mvc.ModelBinding.Binders.ArrayModelBinderProvider, Microsoft.AspNetCore.Mvc.ModelBinding.Binders.CollectionModelBinderProvider, Microsoft.AspNetCore.Mvc.ModelBinding.Binders.ComplexObjectModelBinderProvider
2022-11-18 15:19:41.5675 DEBUG Hosting starting
2022-11-18 15:19:41.6553 DEBUG Loaded hosting startup assembly HelpHomeApi
2022-11-18 15:19:41.6553 DEBUG Loaded hosting startup assembly Microsoft.AspNetCore.Watch.BrowserRefresh
2022-11-18 15:19:41.6553 DEBUG Loaded hosting startup assembly Microsoft.WebTools.BrowserLink.Net
2022-11-18 15:19:41.6738 INFO Application started. Press Ctrl+C to shut down.
2022-11-18 15:19:41.6738 INFO Hosting environment: Development
2022-11-18 15:19:41.6738 INFO Content root path: C:\Users\Dell\source\repos\HelpHome\HelpHome\
2022-11-18 15:19:41.6738 DEBUG Hosting started
2022-11-18 15:19:41.7041 INFO Request starting HTTP/2 GET https://localhost:44308/weatherforecast - -
2022-11-18 15:19:41.8213 DEBUG Wildcard detected, all requests with hosts will be allowed.
2022-11-18 15:19:41.8213 TRACE All hosts are allowed.
2022-11-18 15:19:41.8872 DEBUG No candidates found for the request path '/weatherforecast'
2022-11-18 15:19:41.8872 DEBUG Request did not match any endpoints
2022-11-18 15:19:41.9391 DEBUG Connection ID "18158513707758387203" disconnecting.
2022-11-18 15:19:41.9399 INFO Request finished HTTP/2 GET https://localhost:44308/weatherforecast - - - 404 - - 241.1914ms
2022-11-18 15:20:06.2520 INFO Request starting HTTP/1.1 GET https://localhost:44308/api/offerents application/json 56
2022-11-18 15:20:06.2520 TRACE All hosts are allowed.
2022-11-18 15:20:06.2779 DEBUG 1 candidate(s) found for the request path '/api/offerents'
2022-11-18 15:20:06.2779 DEBUG Endpoint 'HelpHomeApi.Controllers.OferrentController.GetAllWithPreferences (HelpHomeApi)' with route pattern 'api/offerents' is valid for the request path '/api/offerents'
2022-11-18 15:20:06.2779 DEBUG Request matched endpoint 'HelpHomeApi.Controllers.OferrentController.GetAllWithPreferences (HelpHomeApi)'
2022-11-18 15:20:06.2779 INFO Executing endpoint 'HelpHomeApi.Controllers.OferrentController.GetAllWithPreferences (HelpHomeApi)'
2022-11-18 15:20:06.3077 INFO Route matched with {action = "GetAllWithPreferences", controller = "Oferrent"}. Executing controller action with signature Microsoft.AspNetCore.Mvc.ActionResult`1[System.Collections.Generic.IEnumerable`1[Domain.Models.OfferentDto]] GetAllWithPreferences() on controller HelpHomeApi.Controllers.OferrentController (HelpHomeApi).
2022-11-18 15:20:06.3077 DEBUG Execution plan of authorization filters (in the following order): None
2022-11-18 15:20:06.3077 DEBUG Execution plan of resource filters (in the following order): None
2022-11-18 15:20:06.3077 DEBUG Execution plan of action filters (in the following order): Microsoft.AspNetCore.Mvc.Filters.ControllerActionFilter (Order: -2147483648), Microsoft.AspNetCore.Mvc.ModelBinding.UnsupportedContentTypeFilter (Order: -3000), Microsoft.AspNetCore.Mvc.Infrastructure.ModelStateInvalidFilter (Order: -2000)
2022-11-18 15:20:06.3077 DEBUG Execution plan of exception filters (in the following order): None
2022-11-18 15:20:06.3077 DEBUG Execution plan of result filters (in the following order): Microsoft.AspNetCore.Mvc.Infrastructure.ClientErrorResultFilter (Order: -2000)
2022-11-18 15:20:06.3077 DEBUG Executing controller factory for controller HelpHomeApi.Controllers.OferrentController (HelpHomeApi)
2022-11-18 15:20:06.4666 INFO Executed action HelpHomeApi.Controllers.OferrentController.GetAllWithPreferences (HelpHomeApi) in 149.2233ms
2022-11-18 15:20:06.4666 INFO Executed endpoint 'HelpHomeApi.Controllers.OferrentController.GetAllWithPreferences (HelpHomeApi)'
2022-11-18 15:20:06.5605 ERROR An unhandled exception has occurred while executing the request.
2022-11-18 15:20:06.5821 INFO Request finished HTTP/1.1 GET https://localhost:44308/api/offerents application/json 56 - 500 - text/plain;+charset=utf-8 330.0911ms
2022-11-18 15:22:13.9791 DEBUG Registered model binder providers, in the following order: Microsoft.AspNetCore.Mvc.ModelBinding.Binders.BinderTypeModelBinderProvider, Microsoft.AspNetCore.Mvc.ModelBinding.Binders.ServicesModelBinderProvider, Microsoft.AspNetCore.Mvc.ModelBinding.Binders.BodyModelBinderProvider, Microsoft.AspNetCore.Mvc.ModelBinding.Binders.HeaderModelBinderProvider, Microsoft.AspNetCore.Mvc.ModelBinding.Binders.FloatingPointTypeModelBinderProvider, Microsoft.AspNetCore.Mvc.ModelBinding.Binders.EnumTypeModelBinderProvider, Microsoft.AspNetCore.Mvc.ModelBinding.Binders.DateTimeModelBinderProvider, Microsoft.AspNetCore.Mvc.ModelBinding.Binders.SimpleTypeModelBinderProvider, Microsoft.AspNetCore.Mvc.ModelBinding.Binders.CancellationTokenModelBinderProvider, Microsoft.AspNetCore.Mvc.ModelBinding.Binders.ByteArrayModelBinderProvider, Microsoft.AspNetCore.Mvc.ModelBinding.Binders.FormFileModelBinderProvider, Microsoft.AspNetCore.Mvc.ModelBinding.Binders.FormCollectionModelBinderProvider, Microsoft.AspNetCore.Mvc.ModelBinding.Binders.KeyValuePairModelBinderProvider, Microsoft.AspNetCore.Mvc.ModelBinding.Binders.DictionaryModelBinderProvider, Microsoft.AspNetCore.Mvc.ModelBinding.Binders.ArrayModelBinderProvider, Microsoft.AspNetCore.Mvc.ModelBinding.Binders.CollectionModelBinderProvider, Microsoft.AspNetCore.Mvc.ModelBinding.Binders.ComplexObjectModelBinderProvider
2022-11-18 15:22:14.2041 DEBUG Hosting starting
2022-11-18 15:22:14.2775 DEBUG Loaded hosting startup assembly HelpHomeApi
2022-11-18 15:22:14.2775 DEBUG Loaded hosting startup assembly Microsoft.AspNetCore.Watch.BrowserRefresh
2022-11-18 15:22:14.2775 DEBUG Loaded hosting startup assembly Microsoft.WebTools.BrowserLink.Net
2022-11-18 15:22:14.3033 INFO Application started. Press Ctrl+C to shut down.
2022-11-18 15:22:14.3033 INFO Hosting environment: Development
2022-11-18 15:22:14.3033 INFO Content root path: C:\Users\Dell\source\repos\HelpHome\HelpHome\
2022-11-18 15:22:14.3033 DEBUG Hosting started
2022-11-18 15:22:14.3301 INFO Request starting HTTP/1.1 GET https://localhost:44308/api/offerents application/json 56
2022-11-18 15:22:14.3301 INFO Request starting HTTP/2 GET https://localhost:44308/weatherforecast - -
2022-11-18 15:22:14.3538 DEBUG Wildcard detected, all requests with hosts will be allowed.
2022-11-18 15:22:14.3538 TRACE All hosts are allowed.
2022-11-18 15:22:14.3782 TRACE All hosts are allowed.
2022-11-18 15:22:14.4008 DEBUG No candidates found for the request path '/weatherforecast'
2022-11-18 15:22:14.4008 DEBUG Request did not match any endpoints
2022-11-18 15:22:14.4143 DEBUG 1 candidate(s) found for the request path '/api/offerents'
2022-11-18 15:22:14.4143 DEBUG Endpoint 'HelpHomeApi.Controllers.OferrentController.GetAllWithPreferences (HelpHomeApi)' with route pattern 'api/offerents' is valid for the request path '/api/offerents'
2022-11-18 15:22:14.4245 DEBUG Request matched endpoint 'HelpHomeApi.Controllers.OferrentController.GetAllWithPreferences (HelpHomeApi)'
2022-11-18 15:22:14.4245 INFO Executing endpoint 'HelpHomeApi.Controllers.OferrentController.GetAllWithPreferences (HelpHomeApi)'
2022-11-18 15:22:14.4529 DEBUG Connection ID "18230571301796315139" disconnecting.
2022-11-18 15:22:14.4529 INFO Request finished HTTP/2 GET https://localhost:44308/weatherforecast - - - 404 - - 127.2523ms
2022-11-18 15:22:14.4659 INFO Route matched with {action = "GetAllWithPreferences", controller = "Oferrent"}. Executing controller action with signature Microsoft.AspNetCore.Mvc.ActionResult`1[System.Collections.Generic.IEnumerable`1[Domain.Models.OfferentDto]] GetAllWithPreferences() on controller HelpHomeApi.Controllers.OferrentController (HelpHomeApi).
2022-11-18 15:22:14.4755 DEBUG Execution plan of authorization filters (in the following order): None
2022-11-18 15:22:14.4755 DEBUG Execution plan of resource filters (in the following order): None
2022-11-18 15:22:14.4755 DEBUG Execution plan of action filters (in the following order): Microsoft.AspNetCore.Mvc.Filters.ControllerActionFilter (Order: -2147483648), Microsoft.AspNetCore.Mvc.ModelBinding.UnsupportedContentTypeFilter (Order: -3000), Microsoft.AspNetCore.Mvc.Infrastructure.ModelStateInvalidFilter (Order: -2000)
2022-11-18 15:22:14.4755 DEBUG Execution plan of exception filters (in the following order): None
2022-11-18 15:22:14.4755 DEBUG Execution plan of result filters (in the following order): Microsoft.AspNetCore.Mvc.Infrastructure.ClientErrorResultFilter (Order: -2000)
2022-11-18 15:22:14.4755 DEBUG Executing controller factory for controller HelpHomeApi.Controllers.OferrentController (HelpHomeApi)
2022-11-18 15:22:14.8573 DEBUG An 'IServiceProvider' was created for internal use by Entity Framework.
2022-11-18 15:22:15.1219 DEBUG Executed controller factory for controller HelpHomeApi.Controllers.OferrentController (HelpHomeApi)
2022-11-18 15:22:15.1219 TRACE Action Filter: Before executing OnActionExecutionAsync on filter Microsoft.AspNetCore.Mvc.Filters.ControllerActionFilter.
2022-11-18 15:22:15.1219 TRACE Action Filter: Before executing OnActionExecuting on filter Microsoft.AspNetCore.Mvc.ModelBinding.UnsupportedContentTypeFilter.
2022-11-18 15:22:15.1219 TRACE Action Filter: After executing OnActionExecuting on filter Microsoft.AspNetCore.Mvc.ModelBinding.UnsupportedContentTypeFilter.
2022-11-18 15:22:15.1219 TRACE Action Filter: Before executing OnActionExecuting on filter Microsoft.AspNetCore.Mvc.Infrastructure.ModelStateInvalidFilter.
2022-11-18 15:22:15.1219 TRACE Action Filter: After executing OnActionExecuting on filter Microsoft.AspNetCore.Mvc.Infrastructure.ModelStateInvalidFilter.
2022-11-18 15:22:15.1291 INFO Executing action method HelpHomeApi.Controllers.OferrentController.GetAllWithPreferences (HelpHomeApi) - Validation state: Valid
2022-11-18 15:22:16.3045 DEBUG The property 'Seeker.OfferentId' was created in shadow state because there are no eligible CLR members with a matching name.
2022-11-18 15:22:16.6424 INFO Entity Framework Core 6.0.10 initialized 'HelpHomeDbContext' using provider 'Microsoft.EntityFrameworkCore.SqlServer:6.0.10' with options: None
2022-11-18 15:22:16.7681 DEBUG Compiling query expression: 
'DbSet<Offerent>()
    .Include(r => r.Addresses)'
2022-11-18 15:22:16.9715 DEBUG Including navigation: 'Offerent.Addresses'.
2022-11-18 15:22:17.5238 DEBUG Generated query execution expression: 
'queryContext => new SingleQueryingEnumerable<Offerent>(
    (RelationalQueryContext)queryContext, 
    RelationalCommandCache.SelectExpression(
        Client Projections:
            0 -> Dictionary<IProperty, int> { [Property: Offerent.Id (int) Required PK AfterSave:Throw ValueGenerated.OnAdd, 0], [Property: Offerent.Email (string) Required, 1], [Property: Offerent.Name (string) Required MaxLength(25), 2], [Property: Offerent.PhoneNumber (string) Required, 3] }
            1 -> 0
            2 -> Dictionary<IProperty, int> { [Property: Address.Id (int) Required PK AfterSave:Throw ValueGenerated.OnAdd, 4], [Property: Address.City (string) Required MaxLength(50), 5], [Property: Address.OfferentId (int) Required FK Index, 6], [Property: Address.PostalCode (string) Required, 7], [Property: Address.Street (string) Required, 8] }
            3 -> 4
        SELECT o.Id, o.Email, o.Name, o.PhoneNumber, a.Id, a.City, a.OfferentId, a.PostalCode, a.Street
        FROM Oferrents AS o
        LEFT JOIN Addresses AS a ON o.Id == a.OfferentId
        ORDER BY o.Id ASC), 
    Func<QueryContext, DbDataReader, ResultContext, SingleQueryResultCoordinator, Offerent>, 
    Data.HelpHomeDbContext, 
    False, 
    False, 
    True
)'
2022-11-18 15:22:17.5894 DEBUG Creating DbCommand for 'ExecuteReader'.
2022-11-18 15:22:17.6564 DEBUG Created DbCommand for 'ExecuteReader' (58ms).
2022-11-18 15:22:17.6751 DEBUG Opening connection to database 'HelpHomeDb' on server '(localdb)\MSSQLLocalDB'.
2022-11-18 15:22:29.4771 ERROR An error occurred using the connection to database 'HelpHomeDb' on server '(localdb)\MSSQLLocalDB'.
2022-11-18 15:22:29.5631 ERROR An exception occurred while iterating over the results of a query for context type 'Data.HelpHomeDbContext'.
System.InvalidOperationException: An exception has been raised that is likely due to a transient failure. Consider enabling transient error resiliency by adding 'EnableRetryOnFailure' to the 'UseSqlServer' call.
 ---> Microsoft.Data.SqlClient.SqlException (0x80131904): Cannot open database "HelpHomeDb" requested by the login. The login failed.
Login failed for user 'DESKTOP-NJ697TF\Dell'.
   at Microsoft.Data.SqlClient.TdsParser.ThrowExceptionAndWarning(TdsParserStateObject stateObj, Boolean callerHasConnectionLock, Boolean asyncClose)
   at Microsoft.Data.SqlClient.TdsParser.TryRun(RunBehavior runBehavior, SqlCommand cmdHandler, SqlDataReader dataStream, BulkCopySimpleResultSet bulkCopyHandler, TdsParserStateObject stateObj, Boolean& dataReady)
   at Microsoft.Data.SqlClient.TdsParser.Run(RunBehavior runBehavior, SqlCommand cmdHandler, SqlDataReader dataStream, BulkCopySimpleResultSet bulkCopyHandler, TdsParserStateObject stateObj)
   at Microsoft.Data.SqlClient.SqlInternalConnectionTds.CompleteLogin(Boolean enlistOK)
   at Microsoft.Data.SqlClient.SqlInternalConnectionTds.AttemptOneLogin(ServerInfo serverInfo, String newPassword, SecureString newSecurePassword, Boolean ignoreSniOpenTimeout, TimeoutTimer timeout, Boolean withFailover)
   at Microsoft.Data.SqlClient.SqlInternalConnectionTds.LoginNoFailover(ServerInfo serverInfo, String newPassword, SecureString newSecurePassword, Boolean redirectedUserInstance, SqlConnectionString connectionOptions, SqlCredential credential, TimeoutTimer timeout)
   at Microsoft.Data.SqlClient.SqlInternalConnectionTds.OpenLoginEnlist(TimeoutTimer timeout, SqlConnectionString connectionOptions, SqlCredential credential, String newPassword, SecureString newSecurePassword, Boolean redirectedUserInstance)
   at Microsoft.Data.SqlClient.SqlInternalConnectionTds..ctor(DbConnectionPoolIdentity identity, SqlConnectionString connectionOptions, SqlCredential credential, Object providerInfo, String newPassword, SecureString newSecurePassword, Boolean redirectedUserInstance, SqlConnectionString userConnectionOptions, SessionData reconnectSessionData, Boolean applyTransientFaultHandling, String accessToken, DbConnectionPool pool)
   at Microsoft.Data.SqlClient.SqlConnectionFactory.CreateConnection(DbConnectionOptions options, DbConnectionPoolKey poolKey, Object poolGroupProviderInfo, DbConnectionPool pool, DbConnection owningConnection, DbConnectionOptions userOptions)
   at Microsoft.Data.ProviderBase.DbConnectionFactory.CreatePooledConnection(DbConnectionPool pool, DbConnection owningObject, DbConnectionOptions options, DbConnectionPoolKey poolKey, DbConnectionOptions userOptions)
   at Microsoft.Data.ProviderBase.DbConnectionPool.CreateObject(DbConnection owningObject, DbConnectionOptions userOptions, DbConnectionInternal oldConnection)
   at Microsoft.Data.ProviderBase.DbConnectionPool.UserCreateRequest(DbConnection owningObject, DbConnectionOptions userOptions, DbConnectionInternal oldConnection)
   at Microsoft.Data.ProviderBase.DbConnectionPool.TryGetConnection(DbConnection owningObject, UInt32 waitForMultipleObjectsTimeout, Boolean allowCreate, Boolean onlyOneCheckConnection, DbConnectionOptions userOptions, DbConnectionInternal& connection)
   at Microsoft.Data.ProviderBase.DbConnectionPool.TryGetConnection(DbConnection owningObject, TaskCompletionSource`1 retry, DbConnectionOptions userOptions, DbConnectionInternal& connection)
   at Microsoft.Data.ProviderBase.DbConnectionFactory.TryGetConnection(DbConnection owningConnection, TaskCompletionSource`1 retry, DbConnectionOptions userOptions, DbConnectionInternal oldConnection, DbConnectionInternal& connection)
   at Microsoft.Data.ProviderBase.DbConnectionInternal.TryOpenConnectionInternal(DbConnection outerConnection, DbConnectionFactory connectionFactory, TaskCompletionSource`1 retry, DbConnectionOptions userOptions)
   at Microsoft.Data.SqlClient.SqlConnection.TryOpen(TaskCompletionSource`1 retry, SqlConnectionOverrides overrides)
   at Microsoft.Data.SqlClient.SqlConnection.Open(SqlConnectionOverrides overrides)
   at Microsoft.EntityFrameworkCore.Storage.RelationalConnection.OpenInternal(Boolean errorsExpected)
   at Microsoft.EntityFrameworkCore.Storage.RelationalConnection.Open(Boolean errorsExpected)
   at Microsoft.EntityFrameworkCore.Storage.RelationalCommand.ExecuteReader(RelationalCommandParameterObject parameterObject)
   at Microsoft.EntityFrameworkCore.Query.Internal.SingleQueryingEnumerable`1.Enumerator.InitializeReader(Enumerator enumerator)
   at Microsoft.EntityFrameworkCore.SqlServer.Storage.Internal.SqlServerExecutionStrategy.Execute[TState,TResult](TState state, Func`3 operation, Func`3 verifySucceeded)
ClientConnectionId:5b236bc6-c511-452d-a1d3-6b87b04b8e77
Error Number:4060,State:1,Class:11
   --- End of inner exception stack trace ---
   at Microsoft.EntityFrameworkCore.SqlServer.Storage.Internal.SqlServerExecutionStrategy.Execute[TState,TResult](TState state, Func`3 operation, Func`3 verifySucceeded)
   at Microsoft.EntityFrameworkCore.Query.Internal.SingleQueryingEnumerable`1.Enumerator.MoveNext()
2022-11-18 15:22:29.6733 TRACE Action Filter: Before executing OnActionExecuted on filter Microsoft.AspNetCore.Mvc.Infrastructure.ModelStateInvalidFilter.
2022-11-18 15:22:29.6733 TRACE Action Filter: After executing OnActionExecuted on filter Microsoft.AspNetCore.Mvc.Infrastructure.ModelStateInvalidFilter.
2022-11-18 15:22:29.6733 TRACE Action Filter: Before executing OnActionExecuted on filter Microsoft.AspNetCore.Mvc.ModelBinding.UnsupportedContentTypeFilter.
2022-11-18 15:22:29.6733 TRACE Action Filter: After executing OnActionExecuted on filter Microsoft.AspNetCore.Mvc.ModelBinding.UnsupportedContentTypeFilter.
2022-11-18 15:22:29.6733 TRACE Action Filter: After executing OnActionExecutionAsync on filter Microsoft.AspNetCore.Mvc.Filters.ControllerActionFilter.
2022-11-18 15:22:29.6809 INFO Executed action HelpHomeApi.Controllers.OferrentController.GetAllWithPreferences (HelpHomeApi) in 15198.9747ms
2022-11-18 15:22:29.6809 INFO Executed endpoint 'HelpHomeApi.Controllers.OferrentController.GetAllWithPreferences (HelpHomeApi)'
2022-11-18 15:22:29.7361 ERROR An unhandled exception has occurred while executing the request.
2022-11-18 15:22:29.7692 DEBUG 'HelpHomeDbContext' disposed.
2022-11-18 15:22:29.7893 INFO Request finished HTTP/1.1 GET https://localhost:44308/api/offerents application/json 56 - 500 - text/plain;+charset=utf-8 15465.1014ms
2022-11-18 15:23:43.1319 DEBUG An 'IServiceProvider' was created for internal use by Entity Framework.
2022-11-18 15:23:43.9804 DEBUG The property 'Seeker.OfferentId' was created in shadow state because there are no eligible CLR members with a matching name.
2022-11-18 15:23:44.2127 INFO Entity Framework Core 6.0.10 initialized 'HelpHomeDbContext' using provider 'Microsoft.EntityFrameworkCore.SqlServer:6.0.10' with options: None
2022-11-18 15:23:44.2768 DEBUG Migrating using database 'HelpHomeDb' on server '(localdb)\MSSQLLocalDB'.
2022-11-18 15:23:44.2871 DEBUG Opening connection to database 'HelpHomeDb' on server '(localdb)\MSSQLLocalDB'.
2022-11-18 15:23:44.5332 DEBUG An error occurred using the connection to database 'HelpHomeDb' on server '(localdb)\MSSQLLocalDB'.
2022-11-18 15:23:44.5337 DEBUG Opening connection to database 'HelpHomeDb' on server '(localdb)\MSSQLLocalDB'.
2022-11-18 15:23:44.5337 DEBUG An error occurred using the connection to database 'HelpHomeDb' on server '(localdb)\MSSQLLocalDB'.
2022-11-18 15:23:44.6172 DEBUG The property 'Seeker.OfferentId' was created in shadow state because there are no eligible CLR members with a matching name.
2022-11-18 15:23:44.6496 DEBUG Opening connection to database 'master' on server '(localdb)\MSSQLLocalDB'.
2022-11-18 15:23:44.6705 DEBUG Opened connection to database 'master' on server '(localdb)\MSSQLLocalDB'.
2022-11-18 15:23:44.6763 DEBUG Creating DbCommand for 'ExecuteNonQuery'.
2022-11-18 15:23:44.6763 DEBUG Created DbCommand for 'ExecuteNonQuery' (5ms).
2022-11-18 15:23:44.6763 DEBUG Executing DbCommand [Parameters=[], CommandType='Text', CommandTimeout='60']
CREATE DATABASE [HelpHomeDb];
2022-11-18 15:23:45.0623 INFO Executed DbCommand (366ms) [Parameters=[], CommandType='Text', CommandTimeout='60']
CREATE DATABASE [HelpHomeDb];
2022-11-18 15:23:45.0623 DEBUG Creating DbCommand for 'ExecuteNonQuery'.
2022-11-18 15:23:45.0647 DEBUG Created DbCommand for 'ExecuteNonQuery' (0ms).
2022-11-18 15:23:45.0647 DEBUG Executing DbCommand [Parameters=[], CommandType='Text', CommandTimeout='60']
IF SERVERPROPERTY('EngineEdition') <> 5
BEGIN
    ALTER DATABASE [HelpHomeDb] SET READ_COMMITTED_SNAPSHOT ON;
END;
2022-11-18 15:23:45.1862 INFO Executed DbCommand (121ms) [Parameters=[], CommandType='Text', CommandTimeout='60']
IF SERVERPROPERTY('EngineEdition') <> 5
BEGIN
    ALTER DATABASE [HelpHomeDb] SET READ_COMMITTED_SNAPSHOT ON;
END;
2022-11-18 15:23:45.1862 DEBUG Closing connection to database 'master' on server '(localdb)\MSSQLLocalDB'.
2022-11-18 15:23:45.1945 DEBUG Closed connection to database 'master' on server '(localdb)\MSSQLLocalDB'.
2022-11-18 15:23:45.1945 DEBUG Opening connection to database 'HelpHomeDb' on server '(localdb)\MSSQLLocalDB'.
2022-11-18 15:23:45.1945 DEBUG Opened connection to database 'HelpHomeDb' on server '(localdb)\MSSQLLocalDB'.
2022-11-18 15:23:45.1945 DEBUG Creating DbCommand for 'ExecuteNonQuery'.
2022-11-18 15:23:45.1945 DEBUG Created DbCommand for 'ExecuteNonQuery' (0ms).
2022-11-18 15:23:45.1945 DEBUG Executing DbCommand [Parameters=[], CommandType='Text', CommandTimeout='30']
SELECT 1
2022-11-18 15:23:45.2163 INFO Executed DbCommand (11ms) [Parameters=[], CommandType='Text', CommandTimeout='30']
SELECT 1
2022-11-18 15:23:45.2163 DEBUG Closing connection to database 'HelpHomeDb' on server '(localdb)\MSSQLLocalDB'.
2022-11-18 15:23:45.2163 DEBUG Closed connection to database 'HelpHomeDb' on server '(localdb)\MSSQLLocalDB'.
2022-11-18 15:23:45.3401 DEBUG DetectChanges starting for 'HelpHomeDbContext'.
2022-11-18 15:23:45.3401 DEBUG DetectChanges completed for 'HelpHomeDbContext'.
2022-11-18 15:23:45.3746 DEBUG Creating DbCommand for 'ExecuteNonQuery'.
2022-11-18 15:23:45.3746 DEBUG Created DbCommand for 'ExecuteNonQuery' (0ms).
2022-11-18 15:23:45.3746 DEBUG Opening connection to database 'HelpHomeDb' on server '(localdb)\MSSQLLocalDB'.
2022-11-18 15:23:45.3746 DEBUG Opened connection to database 'HelpHomeDb' on server '(localdb)\MSSQLLocalDB'.
2022-11-18 15:23:45.3746 DEBUG Executing DbCommand [Parameters=[], CommandType='Text', CommandTimeout='30']
CREATE TABLE [__EFMigrationsHistory] (
    [MigrationId] nvarchar(150) NOT NULL,
    [ProductVersion] nvarchar(32) NOT NULL,
    CONSTRAINT [PK___EFMigrationsHistory] PRIMARY KEY ([MigrationId])
);
2022-11-18 15:23:45.3910 INFO Executed DbCommand (14ms) [Parameters=[], CommandType='Text', CommandTimeout='30']
CREATE TABLE [__EFMigrationsHistory] (
    [MigrationId] nvarchar(150) NOT NULL,
    [ProductVersion] nvarchar(32) NOT NULL,
    CONSTRAINT [PK___EFMigrationsHistory] PRIMARY KEY ([MigrationId])
);
2022-11-18 15:23:45.3910 DEBUG Closing connection to database 'HelpHomeDb' on server '(localdb)\MSSQLLocalDB'.
2022-11-18 15:23:45.3910 DEBUG Closed connection to database 'HelpHomeDb' on server '(localdb)\MSSQLLocalDB'.
2022-11-18 15:23:45.3942 DEBUG Opening connection to database 'HelpHomeDb' on server '(localdb)\MSSQLLocalDB'.
2022-11-18 15:23:45.3942 DEBUG Opened connection to database 'HelpHomeDb' on server '(localdb)\MSSQLLocalDB'.
2022-11-18 15:23:45.3942 DEBUG Creating DbCommand for 'ExecuteNonQuery'.
2022-11-18 15:23:45.3942 DEBUG Created DbCommand for 'ExecuteNonQuery' (0ms).
2022-11-18 15:23:45.3942 DEBUG Executing DbCommand [Parameters=[], CommandType='Text', CommandTimeout='30']
SELECT 1
2022-11-18 15:23:45.3942 INFO Executed DbCommand (1ms) [Parameters=[], CommandType='Text', CommandTimeout='30']
SELECT 1
2022-11-18 15:23:45.3942 DEBUG Closing connection to database 'HelpHomeDb' on server '(localdb)\MSSQLLocalDB'.
2022-11-18 15:23:45.3942 DEBUG Closed connection to database 'HelpHomeDb' on server '(localdb)\MSSQLLocalDB'.
2022-11-18 15:23:45.4106 DEBUG Creating DbCommand for 'ExecuteScalar'.
2022-11-18 15:23:45.4106 DEBUG Created DbCommand for 'ExecuteScalar' (0ms).
2022-11-18 15:23:45.4106 DEBUG Opening connection to database 'HelpHomeDb' on server '(localdb)\MSSQLLocalDB'.
2022-11-18 15:23:45.4106 DEBUG Opened connection to database 'HelpHomeDb' on server '(localdb)\MSSQLLocalDB'.
2022-11-18 15:23:45.4106 DEBUG Executing DbCommand [Parameters=[], CommandType='Text', CommandTimeout='30']
SELECT OBJECT_ID(N'[__EFMigrationsHistory]');
2022-11-18 15:23:45.4384 INFO Executed DbCommand (27ms) [Parameters=[], CommandType='Text', CommandTimeout='30']
SELECT OBJECT_ID(N'[__EFMigrationsHistory]');
2022-11-18 15:23:45.4384 DEBUG Closing connection to database 'HelpHomeDb' on server '(localdb)\MSSQLLocalDB'.
2022-11-18 15:23:45.4402 DEBUG Closed connection to database 'HelpHomeDb' on server '(localdb)\MSSQLLocalDB'.
2022-11-18 15:23:45.4402 DEBUG Creating DbCommand for 'ExecuteReader'.
2022-11-18 15:23:45.4402 DEBUG Created DbCommand for 'ExecuteReader' (0ms).
2022-11-18 15:23:45.4402 DEBUG Opening connection to database 'HelpHomeDb' on server '(localdb)\MSSQLLocalDB'.
2022-11-18 15:23:45.4402 DEBUG Opened connection to database 'HelpHomeDb' on server '(localdb)\MSSQLLocalDB'.
2022-11-18 15:23:45.4402 DEBUG Executing DbCommand [Parameters=[], CommandType='Text', CommandTimeout='30']
SELECT [MigrationId], [ProductVersion]
FROM [__EFMigrationsHistory]
ORDER BY [MigrationId];
2022-11-18 15:23:45.4402 INFO Executed DbCommand (4ms) [Parameters=[], CommandType='Text', CommandTimeout='30']
SELECT [MigrationId], [ProductVersion]
FROM [__EFMigrationsHistory]
ORDER BY [MigrationId];
2022-11-18 15:23:45.4402 DEBUG A data reader was disposed.
2022-11-18 15:23:45.4402 DEBUG Closing connection to database 'HelpHomeDb' on server '(localdb)\MSSQLLocalDB'.
2022-11-18 15:23:45.4402 DEBUG Closed connection to database 'HelpHomeDb' on server '(localdb)\MSSQLLocalDB'.
2022-11-18 15:23:45.4685 INFO Applying migration '20221117182453_Init'.
2022-11-18 15:23:45.5470 DEBUG Opening connection to database 'HelpHomeDb' on server '(localdb)\MSSQLLocalDB'.
2022-11-18 15:23:45.5470 DEBUG Opened connection to database 'HelpHomeDb' on server '(localdb)\MSSQLLocalDB'.
2022-11-18 15:23:45.5497 DEBUG Beginning transaction with isolation level 'Unspecified'.
2022-11-18 15:23:45.5497 DEBUG Began transaction with isolation level 'ReadCommitted'.
2022-11-18 15:23:45.5497 DEBUG Creating DbCommand for 'ExecuteNonQuery'.
2022-11-18 15:23:45.5497 DEBUG Created DbCommand for 'ExecuteNonQuery' (0ms).
2022-11-18 15:23:45.5497 DEBUG Executing DbCommand [Parameters=[], CommandType='Text', CommandTimeout='30']
CREATE TABLE [Oferrents] (
    [Id] int NOT NULL IDENTITY,
    [Name] nvarchar(25) NOT NULL,
    [Email] nvarchar(max) NOT NULL,
    [PhoneNumber] nvarchar(max) NOT NULL,
    CONSTRAINT [PK_Oferrents] PRIMARY KEY ([Id])
);
2022-11-18 15:23:45.5497 INFO Executed DbCommand (3ms) [Parameters=[], CommandType='Text', CommandTimeout='30']
CREATE TABLE [Oferrents] (
    [Id] int NOT NULL IDENTITY,
    [Name] nvarchar(25) NOT NULL,
    [Email] nvarchar(max) NOT NULL,
    [PhoneNumber] nvarchar(max) NOT NULL,
    CONSTRAINT [PK_Oferrents] PRIMARY KEY ([Id])
);
2022-11-18 15:23:45.5497 DEBUG Creating DbCommand for 'ExecuteNonQuery'.
2022-11-18 15:23:45.5497 DEBUG Created DbCommand for 'ExecuteNonQuery' (0ms).
2022-11-18 15:23:45.5497 DEBUG Executing DbCommand [Parameters=[], CommandType='Text', CommandTimeout='30']
CREATE TABLE [Addresses] (
    [Id] int NOT NULL IDENTITY,
    [City] nvarchar(50) NOT NULL,
    [Street] nvarchar(max) NOT NULL,
    [PostalCode] nvarchar(max) NOT NULL,
    [OfferentId] int NOT NULL,
    CONSTRAINT [PK_Addresses] PRIMARY KEY ([Id]),
    CONSTRAINT [FK_Addresses_Oferrents_OfferentId] FOREIGN KEY ([OfferentId]) REFERENCES [Oferrents] ([Id]) ON DELETE CASCADE
);
2022-11-18 15:23:45.5663 INFO Executed DbCommand (3ms) [Parameters=[], CommandType='Text', CommandTimeout='30']
CREATE TABLE [Addresses] (
    [Id] int NOT NULL IDENTITY,
    [City] nvarchar(50) NOT NULL,
    [Street] nvarchar(max) NOT NULL,
    [PostalCode] nvarchar(max) NOT NULL,
    [OfferentId] int NOT NULL,
    CONSTRAINT [PK_Addresses] PRIMARY KEY ([Id]),
    CONSTRAINT [FK_Addresses_Oferrents_OfferentId] FOREIGN KEY ([OfferentId]) REFERENCES [Oferrents] ([Id]) ON DELETE CASCADE
);
2022-11-18 15:23:45.5663 DEBUG Creating DbCommand for 'ExecuteNonQuery'.
2022-11-18 15:23:45.5663 DEBUG Created DbCommand for 'ExecuteNonQuery' (0ms).
2022-11-18 15:23:45.5663 DEBUG Executing DbCommand [Parameters=[], CommandType='Text', CommandTimeout='30']
CREATE TABLE [Seekers] (
    [Id] int NOT NULL IDENTITY,
    [Name] nvarchar(25) NOT NULL,
    [Email] nvarchar(max) NOT NULL,
    [PhoneNumber] nvarchar(max) NOT NULL,
    [OfferentId] int NULL,
    CONSTRAINT [PK_Seekers] PRIMARY KEY ([Id]),
    CONSTRAINT [FK_Seekers_Oferrents_OfferentId] FOREIGN KEY ([OfferentId]) REFERENCES [Oferrents] ([Id])
);
2022-11-18 15:23:45.5663 INFO Executed DbCommand (2ms) [Parameters=[], CommandType='Text', CommandTimeout='30']
CREATE TABLE [Seekers] (
    [Id] int NOT NULL IDENTITY,
    [Name] nvarchar(25) NOT NULL,
    [Email] nvarchar(max) NOT NULL,
    [PhoneNumber] nvarchar(max) NOT NULL,
    [OfferentId] int NULL,
    CONSTRAINT [PK_Seekers] PRIMARY KEY ([Id]),
    CONSTRAINT [FK_Seekers_Oferrents_OfferentId] FOREIGN KEY ([OfferentId]) REFERENCES [Oferrents] ([Id])
);
2022-11-18 15:23:45.5663 DEBUG Creating DbCommand for 'ExecuteNonQuery'.
2022-11-18 15:23:45.5663 DEBUG Created DbCommand for 'ExecuteNonQuery' (0ms).
2022-11-18 15:23:45.5663 DEBUG Executing DbCommand [Parameters=[], CommandType='Text', CommandTimeout='30']
CREATE TABLE [CarpetWashingOffers] (
    [Id] int NOT NULL IDENTITY,
    [CarpetCount] int NOT NULL,
    [CreatedDate] datetime2 NOT NULL DEFAULT (getutcdate()),
    [UpdateDate] datetime2 NOT NULL,
    [Regularity] int NOT NULL,
    [PriceOffer] int NOT NULL,
    [SeekerId] int NOT NULL,
    [Name] nvarchar(max) NOT NULL,
    CONSTRAINT [PK_CarpetWashingOffers] PRIMARY KEY ([Id]),
    CONSTRAINT [FK_CarpetWashingOffers_Seekers_SeekerId] FOREIGN KEY ([SeekerId]) REFERENCES [Seekers] ([Id]) ON DELETE CASCADE
);
2022-11-18 15:23:45.5663 INFO Executed DbCommand (4ms) [Parameters=[], CommandType='Text', CommandTimeout='30']
CREATE TABLE [CarpetWashingOffers] (
    [Id] int NOT NULL IDENTITY,
    [CarpetCount] int NOT NULL,
    [CreatedDate] datetime2 NOT NULL DEFAULT (getutcdate()),
    [UpdateDate] datetime2 NOT NULL,
    [Regularity] int NOT NULL,
    [PriceOffer] int NOT NULL,
    [SeekerId] int NOT NULL,
    [Name] nvarchar(max) NOT NULL,
    CONSTRAINT [PK_CarpetWashingOffers] PRIMARY KEY ([Id]),
    CONSTRAINT [FK_CarpetWashingOffers_Seekers_SeekerId] FOREIGN KEY ([SeekerId]) REFERENCES [Seekers] ([Id]) ON DELETE CASCADE
);
2022-11-18 15:23:45.7137 DEBUG Creating DbCommand for 'ExecuteNonQuery'.
2022-11-18 15:23:45.7137 DEBUG Created DbCommand for 'ExecuteNonQuery' (0ms).
2022-11-18 15:23:45.7137 DEBUG Executing DbCommand [Parameters=[], CommandType='Text', CommandTimeout='30']
CREATE TABLE [CleaningOffers] (
    [Id] int NOT NULL IDENTITY,
    [CreatedDate] datetime2 NOT NULL DEFAULT (getutcdate()),
    [UpdateDate] datetime2 NOT NULL,
    [Regularity] int NOT NULL,
    [SurfaceToClean] int NOT NULL,
    [PriceOffer] int NOT NULL,
    [SeekerId] int NOT NULL,
    [Name] nvarchar(max) NOT NULL,
    CONSTRAINT [PK_CleaningOffers] PRIMARY KEY ([Id]),
    CONSTRAINT [FK_CleaningOffers_Seekers_SeekerId] FOREIGN KEY ([SeekerId]) REFERENCES [Seekers] ([Id]) ON DELETE CASCADE
);
2022-11-18 15:23:45.7137 INFO Executed DbCommand (5ms) [Parameters=[], CommandType='Text', CommandTimeout='30']
CREATE TABLE [CleaningOffers] (
    [Id] int NOT NULL IDENTITY,
    [CreatedDate] datetime2 NOT NULL DEFAULT (getutcdate()),
    [UpdateDate] datetime2 NOT NULL,
    [Regularity] int NOT NULL,
    [SurfaceToClean] int NOT NULL,
    [PriceOffer] int NOT NULL,
    [SeekerId] int NOT NULL,
    [Name] nvarchar(max) NOT NULL,
    CONSTRAINT [PK_CleaningOffers] PRIMARY KEY ([Id]),
    CONSTRAINT [FK_CleaningOffers_Seekers_SeekerId] FOREIGN KEY ([SeekerId]) REFERENCES [Seekers] ([Id]) ON DELETE CASCADE
);
2022-11-18 15:23:45.7137 DEBUG Creating DbCommand for 'ExecuteNonQuery'.
2022-11-18 15:23:45.7137 DEBUG Created DbCommand for 'ExecuteNonQuery' (0ms).
2022-11-18 15:23:45.7137 DEBUG Executing DbCommand [Parameters=[], CommandType='Text', CommandTimeout='30']
CREATE TABLE [WindowsCleaningOffers] (
    [Id] int NOT NULL IDENTITY,
    [CreatedDate] datetime2 NOT NULL DEFAULT (getutcdate()),
    [UpdateDate] datetime2 NOT NULL,
    [Regularity] int NOT NULL,
    [WindowsCount] int NOT NULL,
    [PriceOffer] int NOT NULL,
    [SeekerId] int NOT NULL,
    [Name] nvarchar(max) NOT NULL,
    CONSTRAINT [PK_WindowsCleaningOffers] PRIMARY KEY ([Id]),
    CONSTRAINT [FK_WindowsCleaningOffers_Seekers_SeekerId] FOREIGN KEY ([SeekerId]) REFERENCES [Seekers] ([Id]) ON DELETE CASCADE
);
2022-11-18 15:23:45.7278 INFO Executed DbCommand (8ms) [Parameters=[], CommandType='Text', CommandTimeout='30']
CREATE TABLE [WindowsCleaningOffers] (
    [Id] int NOT NULL IDENTITY,
    [CreatedDate] datetime2 NOT NULL DEFAULT (getutcdate()),
    [UpdateDate] datetime2 NOT NULL,
    [Regularity] int NOT NULL,
    [WindowsCount] int NOT NULL,
    [PriceOffer] int NOT NULL,
    [SeekerId] int NOT NULL,
    [Name] nvarchar(max) NOT NULL,
    CONSTRAINT [PK_WindowsCleaningOffers] PRIMARY KEY ([Id]),
    CONSTRAINT [FK_WindowsCleaningOffers_Seekers_SeekerId] FOREIGN KEY ([SeekerId]) REFERENCES [Seekers] ([Id]) ON DELETE CASCADE
);
2022-11-18 15:23:47.1662 DEBUG Creating DbCommand for 'ExecuteNonQuery'.
2022-11-18 15:23:47.1662 DEBUG Created DbCommand for 'ExecuteNonQuery' (0ms).
2022-11-18 15:23:47.1662 DEBUG Executing DbCommand [Parameters=[], CommandType='Text', CommandTimeout='30']
IF EXISTS (SELECT * FROM [sys].[identity_columns] WHERE [name] IN (N'Id', N'Email', N'Name', N'PhoneNumber') AND [object_id] = OBJECT_ID(N'[Oferrents]'))
    SET IDENTITY_INSERT [Oferrents] ON;
INSERT INTO [Oferrents] ([Id], [Email], [Name], [PhoneNumber])
VALUES (1, N'jdsks@com', N'Jan Kowalski', N'123456'),
(2, N'Ania@pl', N'Ania Nowak', N'234123111');
IF EXISTS (SELECT * FROM [sys].[identity_columns] WHERE [name] IN (N'Id', N'Email', N'Name', N'PhoneNumber') AND [object_id] = OBJECT_ID(N'[Oferrents]'))
    SET IDENTITY_INSERT [Oferrents] OFF;
2022-11-18 15:23:47.2077 INFO Executed DbCommand (40ms) [Parameters=[], CommandType='Text', CommandTimeout='30']
IF EXISTS (SELECT * FROM [sys].[identity_columns] WHERE [name] IN (N'Id', N'Email', N'Name', N'PhoneNumber') AND [object_id] = OBJECT_ID(N'[Oferrents]'))
    SET IDENTITY_INSERT [Oferrents] ON;
INSERT INTO [Oferrents] ([Id], [Email], [Name], [PhoneNumber])
VALUES (1, N'jdsks@com', N'Jan Kowalski', N'123456'),
(2, N'Ania@pl', N'Ania Nowak', N'234123111');
IF EXISTS (SELECT * FROM [sys].[identity_columns] WHERE [name] IN (N'Id', N'Email', N'Name', N'PhoneNumber') AND [object_id] = OBJECT_ID(N'[Oferrents]'))
    SET IDENTITY_INSERT [Oferrents] OFF;
2022-11-18 15:23:47.2077 DEBUG Creating DbCommand for 'ExecuteNonQuery'.
2022-11-18 15:23:47.2077 DEBUG Created DbCommand for 'ExecuteNonQuery' (0ms).
2022-11-18 15:23:47.2077 DEBUG Executing DbCommand [Parameters=[], CommandType='Text', CommandTimeout='30']
IF EXISTS (SELECT * FROM [sys].[identity_columns] WHERE [name] IN (N'Id', N'Email', N'Name', N'OfferentId', N'PhoneNumber') AND [object_id] = OBJECT_ID(N'[Seekers]'))
    SET IDENTITY_INSERT [Seekers] ON;
INSERT INTO [Seekers] ([Id], [Email], [Name], [OfferentId], [PhoneNumber])
VALUES (1, N'jdsks@com', N'Romuald Krawczyk', NULL, N'123456'),
(2, N'Ania@pl', N'Alicja Olos', NULL, N'234123111');
IF EXISTS (SELECT * FROM [sys].[identity_columns] WHERE [name] IN (N'Id', N'Email', N'Name', N'OfferentId', N'PhoneNumber') AND [object_id] = OBJECT_ID(N'[Seekers]'))
    SET IDENTITY_INSERT [Seekers] OFF;
2022-11-18 15:23:47.2077 INFO Executed DbCommand (12ms) [Parameters=[], CommandType='Text', CommandTimeout='30']
IF EXISTS (SELECT * FROM [sys].[identity_columns] WHERE [name] IN (N'Id', N'Email', N'Name', N'OfferentId', N'PhoneNumber') AND [object_id] = OBJECT_ID(N'[Seekers]'))
    SET IDENTITY_INSERT [Seekers] ON;
INSERT INTO [Seekers] ([Id], [Email], [Name], [OfferentId], [PhoneNumber])
VALUES (1, N'jdsks@com', N'Romuald Krawczyk', NULL, N'123456'),
(2, N'Ania@pl', N'Alicja Olos', NULL, N'234123111');
IF EXISTS (SELECT * FROM [sys].[identity_columns] WHERE [name] IN (N'Id', N'Email', N'Name', N'OfferentId', N'PhoneNumber') AND [object_id] = OBJECT_ID(N'[Seekers]'))
    SET IDENTITY_INSERT [Seekers] OFF;
2022-11-18 15:23:47.2077 DEBUG Creating DbCommand for 'ExecuteNonQuery'.
2022-11-18 15:23:47.2077 DEBUG Created DbCommand for 'ExecuteNonQuery' (0ms).
2022-11-18 15:23:47.2077 DEBUG Executing DbCommand [Parameters=[], CommandType='Text', CommandTimeout='30']
IF EXISTS (SELECT * FROM [sys].[identity_columns] WHERE [name] IN (N'Id', N'CreatedDate', N'Name', N'PriceOffer', N'Regularity', N'SeekerId', N'SurfaceToClean', N'UpdateDate') AND [object_id] = OBJECT_ID(N'[CleaningOffers]'))
    SET IDENTITY_INSERT [CleaningOffers] ON;
INSERT INTO [CleaningOffers] ([Id], [CreatedDate], [Name], [PriceOffer], [Regularity], [SeekerId], [SurfaceToClean], [UpdateDate])
VALUES (1, '2022-11-17T18:24:52.8089579Z', N'Sprzątanie', 50, 0, 1, 100, '0001-01-01T00:00:00.0000000');
IF EXISTS (SELECT * FROM [sys].[identity_columns] WHERE [name] IN (N'Id', N'CreatedDate', N'Name', N'PriceOffer', N'Regularity', N'SeekerId', N'SurfaceToClean', N'UpdateDate') AND [object_id] = OBJECT_ID(N'[CleaningOffers]'))
    SET IDENTITY_INSERT [CleaningOffers] OFF;
2022-11-18 15:23:47.2385 INFO Executed DbCommand (17ms) [Parameters=[], CommandType='Text', CommandTimeout='30']
IF EXISTS (SELECT * FROM [sys].[identity_columns] WHERE [name] IN (N'Id', N'CreatedDate', N'Name', N'PriceOffer', N'Regularity', N'SeekerId', N'SurfaceToClean', N'UpdateDate') AND [object_id] = OBJECT_ID(N'[CleaningOffers]'))
    SET IDENTITY_INSERT [CleaningOffers] ON;
INSERT INTO [CleaningOffers] ([Id], [CreatedDate], [Name], [PriceOffer], [Regularity], [SeekerId], [SurfaceToClean], [UpdateDate])
VALUES (1, '2022-11-17T18:24:52.8089579Z', N'Sprzątanie', 50, 0, 1, 100, '0001-01-01T00:00:00.0000000');
IF EXISTS (SELECT * FROM [sys].[identity_columns] WHERE [name] IN (N'Id', N'CreatedDate', N'Name', N'PriceOffer', N'Regularity', N'SeekerId', N'SurfaceToClean', N'UpdateDate') AND [object_id] = OBJECT_ID(N'[CleaningOffers]'))
    SET IDENTITY_INSERT [CleaningOffers] OFF;
2022-11-18 15:23:48.5470 DEBUG Creating DbCommand for 'ExecuteNonQuery'.
2022-11-18 15:23:48.5470 DEBUG Created DbCommand for 'ExecuteNonQuery' (0ms).
2022-11-18 15:23:48.5470 DEBUG Executing DbCommand [Parameters=[], CommandType='Text', CommandTimeout='30']
CREATE INDEX [IX_Addresses_OfferentId] ON [Addresses] ([OfferentId]);
2022-11-18 15:23:48.5504 INFO Executed DbCommand (2ms) [Parameters=[], CommandType='Text', CommandTimeout='30']
CREATE INDEX [IX_Addresses_OfferentId] ON [Addresses] ([OfferentId]);
2022-11-18 15:23:48.5504 DEBUG Creating DbCommand for 'ExecuteNonQuery'.
2022-11-18 15:23:48.5504 DEBUG Created DbCommand for 'ExecuteNonQuery' (0ms).
2022-11-18 15:23:48.5504 DEBUG Executing DbCommand [Parameters=[], CommandType='Text', CommandTimeout='30']
CREATE INDEX [IX_CarpetWashingOffers_SeekerId] ON [CarpetWashingOffers] ([SeekerId]);
2022-11-18 15:23:48.5504 INFO Executed DbCommand (1ms) [Parameters=[], CommandType='Text', CommandTimeout='30']
CREATE INDEX [IX_CarpetWashingOffers_SeekerId] ON [CarpetWashingOffers] ([SeekerId]);
2022-11-18 15:23:48.5504 DEBUG Creating DbCommand for 'ExecuteNonQuery'.
2022-11-18 15:23:48.5504 DEBUG Created DbCommand for 'ExecuteNonQuery' (0ms).
2022-11-18 15:23:48.5504 DEBUG Executing DbCommand [Parameters=[], CommandType='Text', CommandTimeout='30']
CREATE INDEX [IX_CleaningOffers_SeekerId] ON [CleaningOffers] ([SeekerId]);
2022-11-18 15:23:48.5504 INFO Executed DbCommand (7ms) [Parameters=[], CommandType='Text', CommandTimeout='30']
CREATE INDEX [IX_CleaningOffers_SeekerId] ON [CleaningOffers] ([SeekerId]);
2022-11-18 15:23:48.5504 DEBUG Creating DbCommand for 'ExecuteNonQuery'.
2022-11-18 15:23:48.5504 DEBUG Created DbCommand for 'ExecuteNonQuery' (0ms).
2022-11-18 15:23:48.5504 DEBUG Executing DbCommand [Parameters=[], CommandType='Text', CommandTimeout='30']
CREATE INDEX [IX_Seekers_OfferentId] ON [Seekers] ([OfferentId]);
2022-11-18 15:23:48.5504 INFO Executed DbCommand (3ms) [Parameters=[], CommandType='Text', CommandTimeout='30']
CREATE INDEX [IX_Seekers_OfferentId] ON [Seekers] ([OfferentId]);
2022-11-18 15:23:48.5647 DEBUG Creating DbCommand for 'ExecuteNonQuery'.
2022-11-18 15:23:48.5647 DEBUG Created DbCommand for 'ExecuteNonQuery' (0ms).
2022-11-18 15:23:48.5647 DEBUG Executing DbCommand [Parameters=[], CommandType='Text', CommandTimeout='30']
CREATE INDEX [IX_WindowsCleaningOffers_SeekerId] ON [WindowsCleaningOffers] ([SeekerId]);
2022-11-18 15:23:48.5647 INFO Executed DbCommand (2ms) [Parameters=[], CommandType='Text', CommandTimeout='30']
CREATE INDEX [IX_WindowsCleaningOffers_SeekerId] ON [WindowsCleaningOffers] ([SeekerId]);
2022-11-18 15:23:48.5647 DEBUG Creating DbCommand for 'ExecuteNonQuery'.
2022-11-18 15:23:48.5647 DEBUG Created DbCommand for 'ExecuteNonQuery' (0ms).
2022-11-18 15:23:48.5647 DEBUG Executing DbCommand [Parameters=[], CommandType='Text', CommandTimeout='30']
INSERT INTO [__EFMigrationsHistory] ([MigrationId], [ProductVersion])
VALUES (N'20221117182453_Init', N'6.0.10');
2022-11-18 15:23:48.5647 INFO Executed DbCommand (3ms) [Parameters=[], CommandType='Text', CommandTimeout='30']
INSERT INTO [__EFMigrationsHistory] ([MigrationId], [ProductVersion])
VALUES (N'20221117182453_Init', N'6.0.10');
2022-11-18 15:23:48.5647 DEBUG Committing transaction.
2022-11-18 15:23:48.5647 DEBUG Committed transaction.
2022-11-18 15:23:48.5647 DEBUG Disposing transaction.
2022-11-18 15:23:48.5647 DEBUG Closing connection to database 'HelpHomeDb' on server '(localdb)\MSSQLLocalDB'.
2022-11-18 15:23:48.5647 DEBUG Closed connection to database 'HelpHomeDb' on server '(localdb)\MSSQLLocalDB'.
2022-11-18 15:23:48.5647 INFO Applying migration '20221117182758_AddAddress'.
2022-11-18 15:23:48.5958 DEBUG Opening connection to database 'HelpHomeDb' on server '(localdb)\MSSQLLocalDB'.
2022-11-18 15:23:48.5958 DEBUG Opened connection to database 'HelpHomeDb' on server '(localdb)\MSSQLLocalDB'.
2022-11-18 15:23:48.5958 DEBUG Beginning transaction with isolation level 'Unspecified'.
2022-11-18 15:23:48.5964 DEBUG Began transaction with isolation level 'ReadCommitted'.
2022-11-18 15:23:48.5964 DEBUG Creating DbCommand for 'ExecuteNonQuery'.
2022-11-18 15:23:48.5964 DEBUG Created DbCommand for 'ExecuteNonQuery' (0ms).
2022-11-18 15:23:48.5964 DEBUG Executing DbCommand [Parameters=[], CommandType='Text', CommandTimeout='30']
IF EXISTS (SELECT * FROM [sys].[identity_columns] WHERE [name] IN (N'Id', N'City', N'OfferentId', N'PostalCode', N'Street') AND [object_id] = OBJECT_ID(N'[Addresses]'))
    SET IDENTITY_INSERT [Addresses] ON;
INSERT INTO [Addresses] ([Id], [City], [OfferentId], [PostalCode], [Street])
VALUES (1, N'Orzesze', 1, N'43-190', N'Dworcowa');
IF EXISTS (SELECT * FROM [sys].[identity_columns] WHERE [name] IN (N'Id', N'City', N'OfferentId', N'PostalCode', N'Street') AND [object_id] = OBJECT_ID(N'[Addresses]'))
    SET IDENTITY_INSERT [Addresses] OFF;
2022-11-18 15:23:48.5964 INFO Executed DbCommand (11ms) [Parameters=[], CommandType='Text', CommandTimeout='30']
IF EXISTS (SELECT * FROM [sys].[identity_columns] WHERE [name] IN (N'Id', N'City', N'OfferentId', N'PostalCode', N'Street') AND [object_id] = OBJECT_ID(N'[Addresses]'))
    SET IDENTITY_INSERT [Addresses] ON;
INSERT INTO [Addresses] ([Id], [City], [OfferentId], [PostalCode], [Street])
VALUES (1, N'Orzesze', 1, N'43-190', N'Dworcowa');
IF EXISTS (SELECT * FROM [sys].[identity_columns] WHERE [name] IN (N'Id', N'City', N'OfferentId', N'PostalCode', N'Street') AND [object_id] = OBJECT_ID(N'[Addresses]'))
    SET IDENTITY_INSERT [Addresses] OFF;
2022-11-18 15:23:49.6050 DEBUG Creating DbCommand for 'ExecuteNonQuery'.
2022-11-18 15:23:49.6050 DEBUG Created DbCommand for 'ExecuteNonQuery' (1ms).
2022-11-18 15:23:49.6050 DEBUG Executing DbCommand [Parameters=[], CommandType='Text', CommandTimeout='30']
UPDATE [CleaningOffers] SET [CreatedDate] = '2022-11-17T18:27:57.4813975Z'
WHERE [Id] = 1;
SELECT @@ROWCOUNT;
2022-11-18 15:23:49.6050 INFO Executed DbCommand (4ms) [Parameters=[], CommandType='Text', CommandTimeout='30']
UPDATE [CleaningOffers] SET [CreatedDate] = '2022-11-17T18:27:57.4813975Z'
WHERE [Id] = 1;
SELECT @@ROWCOUNT;
2022-11-18 15:23:49.6050 DEBUG Creating DbCommand for 'ExecuteNonQuery'.
2022-11-18 15:23:49.6050 DEBUG Created DbCommand for 'ExecuteNonQuery' (0ms).
2022-11-18 15:23:49.6050 DEBUG Executing DbCommand [Parameters=[], CommandType='Text', CommandTimeout='30']
INSERT INTO [__EFMigrationsHistory] ([MigrationId], [ProductVersion])
VALUES (N'20221117182758_AddAddress', N'6.0.10');
2022-11-18 15:23:49.6127 INFO Executed DbCommand (1ms) [Parameters=[], CommandType='Text', CommandTimeout='30']
INSERT INTO [__EFMigrationsHistory] ([MigrationId], [ProductVersion])
VALUES (N'20221117182758_AddAddress', N'6.0.10');
2022-11-18 15:23:49.6127 DEBUG Committing transaction.
2022-11-18 15:23:49.6127 DEBUG Committed transaction.
2022-11-18 15:23:49.6127 DEBUG Disposing transaction.
2022-11-18 15:23:49.6127 DEBUG Closing connection to database 'HelpHomeDb' on server '(localdb)\MSSQLLocalDB'.
2022-11-18 15:23:49.6127 DEBUG Closed connection to database 'HelpHomeDb' on server '(localdb)\MSSQLLocalDB'.
2022-11-18 15:23:49.6127 INFO Applying migration '20221118140441_Initialization'.
2022-11-18 15:23:49.6322 DEBUG Opening connection to database 'HelpHomeDb' on server '(localdb)\MSSQLLocalDB'.
2022-11-18 15:23:49.6322 DEBUG Opened connection to database 'HelpHomeDb' on server '(localdb)\MSSQLLocalDB'.
2022-11-18 15:23:49.6322 DEBUG Beginning transaction with isolation level 'Unspecified'.
2022-11-18 15:23:49.6322 DEBUG Began transaction with isolation level 'ReadCommitted'.
2022-11-18 15:23:49.6322 DEBUG Creating DbCommand for 'ExecuteNonQuery'.
2022-11-18 15:23:49.6322 DEBUG Created DbCommand for 'ExecuteNonQuery' (0ms).
2022-11-18 15:23:49.6322 DEBUG Executing DbCommand [Parameters=[], CommandType='Text', CommandTimeout='30']
UPDATE [CleaningOffers] SET [CreatedDate] = '2022-11-18T14:04:41.0004904Z'
WHERE [Id] = 1;
SELECT @@ROWCOUNT;
2022-11-18 15:23:49.6322 INFO Executed DbCommand (1ms) [Parameters=[], CommandType='Text', CommandTimeout='30']
UPDATE [CleaningOffers] SET [CreatedDate] = '2022-11-18T14:04:41.0004904Z'
WHERE [Id] = 1;
SELECT @@ROWCOUNT;
2022-11-18 15:23:49.6322 DEBUG Creating DbCommand for 'ExecuteNonQuery'.
2022-11-18 15:23:49.6322 DEBUG Created DbCommand for 'ExecuteNonQuery' (0ms).
2022-11-18 15:23:49.6322 DEBUG Executing DbCommand [Parameters=[], CommandType='Text', CommandTimeout='30']
INSERT INTO [__EFMigrationsHistory] ([MigrationId], [ProductVersion])
VALUES (N'20221118140441_Initialization', N'6.0.10');
2022-11-18 15:23:49.6322 INFO Executed DbCommand (0ms) [Parameters=[], CommandType='Text', CommandTimeout='30']
INSERT INTO [__EFMigrationsHistory] ([MigrationId], [ProductVersion])
VALUES (N'20221118140441_Initialization', N'6.0.10');
2022-11-18 15:23:49.6322 DEBUG Committing transaction.
2022-11-18 15:23:49.6322 DEBUG Committed transaction.
2022-11-18 15:23:49.6322 DEBUG Disposing transaction.
2022-11-18 15:23:49.6322 DEBUG Closing connection to database 'HelpHomeDb' on server '(localdb)\MSSQLLocalDB'.
2022-11-18 15:23:49.6322 DEBUG Closed connection to database 'HelpHomeDb' on server '(localdb)\MSSQLLocalDB'.
2022-11-18 15:23:49.6322 DEBUG 'HelpHomeDbContext' disposed.
2022-11-18 15:24:25.6784 DEBUG Registered model binder providers, in the following order: Microsoft.AspNetCore.Mvc.ModelBinding.Binders.BinderTypeModelBinderProvider, Microsoft.AspNetCore.Mvc.ModelBinding.Binders.ServicesModelBinderProvider, Microsoft.AspNetCore.Mvc.ModelBinding.Binders.BodyModelBinderProvider, Microsoft.AspNetCore.Mvc.ModelBinding.Binders.HeaderModelBinderProvider, Microsoft.AspNetCore.Mvc.ModelBinding.Binders.FloatingPointTypeModelBinderProvider, Microsoft.AspNetCore.Mvc.ModelBinding.Binders.EnumTypeModelBinderProvider, Microsoft.AspNetCore.Mvc.ModelBinding.Binders.DateTimeModelBinderProvider, Microsoft.AspNetCore.Mvc.ModelBinding.Binders.SimpleTypeModelBinderProvider, Microsoft.AspNetCore.Mvc.ModelBinding.Binders.CancellationTokenModelBinderProvider, Microsoft.AspNetCore.Mvc.ModelBinding.Binders.ByteArrayModelBinderProvider, Microsoft.AspNetCore.Mvc.ModelBinding.Binders.FormFileModelBinderProvider, Microsoft.AspNetCore.Mvc.ModelBinding.Binders.FormCollectionModelBinderProvider, Microsoft.AspNetCore.Mvc.ModelBinding.Binders.KeyValuePairModelBinderProvider, Microsoft.AspNetCore.Mvc.ModelBinding.Binders.DictionaryModelBinderProvider, Microsoft.AspNetCore.Mvc.ModelBinding.Binders.ArrayModelBinderProvider, Microsoft.AspNetCore.Mvc.ModelBinding.Binders.CollectionModelBinderProvider, Microsoft.AspNetCore.Mvc.ModelBinding.Binders.ComplexObjectModelBinderProvider
2022-11-18 15:24:25.8122 DEBUG Hosting starting
2022-11-18 15:24:25.8978 DEBUG Loaded hosting startup assembly HelpHomeApi
2022-11-18 15:24:25.8978 DEBUG Loaded hosting startup assembly Microsoft.AspNetCore.Watch.BrowserRefresh
2022-11-18 15:24:25.8978 DEBUG Loaded hosting startup assembly Microsoft.WebTools.BrowserLink.Net
2022-11-18 15:24:25.9116 INFO Application started. Press Ctrl+C to shut down.
2022-11-18 15:24:25.9116 INFO Hosting environment: Development
2022-11-18 15:24:25.9116 INFO Content root path: C:\Users\Dell\source\repos\HelpHome\HelpHome\
2022-11-18 15:24:25.9116 DEBUG Hosting started
2022-11-18 15:24:25.9335 INFO Request starting HTTP/2 GET https://localhost:44308/weatherforecast - -
2022-11-18 15:24:25.9836 DEBUG Wildcard detected, all requests with hosts will be allowed.
2022-11-18 15:24:25.9836 TRACE All hosts are allowed.
2022-11-18 15:24:26.0245 DEBUG No candidates found for the request path '/weatherforecast'
2022-11-18 15:24:26.0245 DEBUG Request did not match any endpoints
2022-11-18 15:24:26.1098 DEBUG Connection ID "18230571297501347851" disconnecting.
2022-11-18 15:24:26.1122 INFO Request finished HTTP/2 GET https://localhost:44308/weatherforecast - - - 404 - - 156.2749ms
2022-11-18 15:24:46.7236 INFO Request starting HTTP/1.1 GET https://localhost:44308/api/offerents application/json 56
2022-11-18 15:24:46.7236 TRACE All hosts are allowed.
2022-11-18 15:24:46.7554 DEBUG 1 candidate(s) found for the request path '/api/offerents'
2022-11-18 15:24:46.7554 DEBUG Endpoint 'HelpHomeApi.Controllers.OferrentController.GetAllWithPreferences (HelpHomeApi)' with route pattern 'api/offerents' is valid for the request path '/api/offerents'
2022-11-18 15:24:46.7554 DEBUG Request matched endpoint 'HelpHomeApi.Controllers.OferrentController.GetAllWithPreferences (HelpHomeApi)'
2022-11-18 15:24:46.7554 INFO Executing endpoint 'HelpHomeApi.Controllers.OferrentController.GetAllWithPreferences (HelpHomeApi)'
2022-11-18 15:24:46.8031 INFO Route matched with {action = "GetAllWithPreferences", controller = "Oferrent"}. Executing controller action with signature Microsoft.AspNetCore.Mvc.ActionResult`1[System.Collections.Generic.IEnumerable`1[Domain.Models.OfferentDto]] GetAllWithPreferences() on controller HelpHomeApi.Controllers.OferrentController (HelpHomeApi).
2022-11-18 15:24:46.8031 DEBUG Execution plan of authorization filters (in the following order): None
2022-11-18 15:24:46.8031 DEBUG Execution plan of resource filters (in the following order): None
2022-11-18 15:24:46.8031 DEBUG Execution plan of action filters (in the following order): Microsoft.AspNetCore.Mvc.Filters.ControllerActionFilter (Order: -2147483648), Microsoft.AspNetCore.Mvc.ModelBinding.UnsupportedContentTypeFilter (Order: -3000), Microsoft.AspNetCore.Mvc.Infrastructure.ModelStateInvalidFilter (Order: -2000)
2022-11-18 15:24:46.8031 DEBUG Execution plan of exception filters (in the following order): None
2022-11-18 15:24:46.8031 DEBUG Execution plan of result filters (in the following order): Microsoft.AspNetCore.Mvc.Infrastructure.ClientErrorResultFilter (Order: -2000)
2022-11-18 15:24:46.8153 DEBUG Executing controller factory for controller HelpHomeApi.Controllers.OferrentController (HelpHomeApi)
2022-11-18 15:24:47.0784 DEBUG An 'IServiceProvider' was created for internal use by Entity Framework.
2022-11-18 15:24:47.3754 DEBUG Executed controller factory for controller HelpHomeApi.Controllers.OferrentController (HelpHomeApi)
2022-11-18 15:24:47.3754 TRACE Action Filter: Before executing OnActionExecutionAsync on filter Microsoft.AspNetCore.Mvc.Filters.ControllerActionFilter.
2022-11-18 15:24:47.3754 TRACE Action Filter: Before executing OnActionExecuting on filter Microsoft.AspNetCore.Mvc.ModelBinding.UnsupportedContentTypeFilter.
2022-11-18 15:24:47.3754 TRACE Action Filter: After executing OnActionExecuting on filter Microsoft.AspNetCore.Mvc.ModelBinding.UnsupportedContentTypeFilter.
2022-11-18 15:24:47.3754 TRACE Action Filter: Before executing OnActionExecuting on filter Microsoft.AspNetCore.Mvc.Infrastructure.ModelStateInvalidFilter.
2022-11-18 15:24:47.3754 TRACE Action Filter: After executing OnActionExecuting on filter Microsoft.AspNetCore.Mvc.Infrastructure.ModelStateInvalidFilter.
2022-11-18 15:24:47.3880 INFO Executing action method HelpHomeApi.Controllers.OferrentController.GetAllWithPreferences (HelpHomeApi) - Validation state: Valid
2022-11-18 15:24:48.6734 DEBUG The property 'Seeker.OfferentId' was created in shadow state because there are no eligible CLR members with a matching name.
2022-11-18 15:24:49.0608 INFO Entity Framework Core 6.0.10 initialized 'HelpHomeDbContext' using provider 'Microsoft.EntityFrameworkCore.SqlServer:6.0.10' with options: None
2022-11-18 15:24:49.1990 DEBUG Compiling query expression: 
'DbSet<Offerent>()
    .Include(r => r.Addresses)'
2022-11-18 15:24:49.3813 DEBUG Including navigation: 'Offerent.Addresses'.
2022-11-18 15:24:50.2241 DEBUG Generated query execution expression: 
'queryContext => new SingleQueryingEnumerable<Offerent>(
    (RelationalQueryContext)queryContext, 
    RelationalCommandCache.SelectExpression(
        Client Projections:
            0 -> Dictionary<IProperty, int> { [Property: Offerent.Id (int) Required PK AfterSave:Throw ValueGenerated.OnAdd, 0], [Property: Offerent.Email (string) Required, 1], [Property: Offerent.Name (string) Required MaxLength(25), 2], [Property: Offerent.PhoneNumber (string) Required, 3] }
            1 -> 0
            2 -> Dictionary<IProperty, int> { [Property: Address.Id (int) Required PK AfterSave:Throw ValueGenerated.OnAdd, 4], [Property: Address.City (string) Required MaxLength(50), 5], [Property: Address.OfferentId (int) Required FK Index, 6], [Property: Address.PostalCode (string) Required, 7], [Property: Address.Street (string) Required, 8] }
            3 -> 4
        SELECT o.Id, o.Email, o.Name, o.PhoneNumber, a.Id, a.City, a.OfferentId, a.PostalCode, a.Street
        FROM Oferrents AS o
        LEFT JOIN Addresses AS a ON o.Id == a.OfferentId
        ORDER BY o.Id ASC), 
    Func<QueryContext, DbDataReader, ResultContext, SingleQueryResultCoordinator, Offerent>, 
    Data.HelpHomeDbContext, 
    False, 
    False, 
    True
)'
2022-11-18 15:24:50.3244 DEBUG Creating DbCommand for 'ExecuteReader'.
2022-11-18 15:24:50.3949 DEBUG Created DbCommand for 'ExecuteReader' (66ms).
2022-11-18 15:24:50.3949 DEBUG Opening connection to database 'HelpHomeDb' on server '(localdb)\MSSQLLocalDB'.
2022-11-18 15:24:51.8613 DEBUG Opened connection to database 'HelpHomeDb' on server '(localdb)\MSSQLLocalDB'.
2022-11-18 15:24:51.8808 DEBUG Executing DbCommand [Parameters=[], CommandType='Text', CommandTimeout='30']
SELECT [o].[Id], [o].[Email], [o].[Name], [o].[PhoneNumber], [a].[Id], [a].[City], [a].[OfferentId], [a].[PostalCode], [a].[Street]
FROM [Oferrents] AS [o]
LEFT JOIN [Addresses] AS [a] ON [o].[Id] = [a].[OfferentId]
ORDER BY [o].[Id]
2022-11-18 15:24:51.9584 INFO Executed DbCommand (70ms) [Parameters=[], CommandType='Text', CommandTimeout='30']
SELECT [o].[Id], [o].[Email], [o].[Name], [o].[PhoneNumber], [a].[Id], [a].[City], [a].[OfferentId], [a].[PostalCode], [a].[Street]
FROM [Oferrents] AS [o]
LEFT JOIN [Addresses] AS [a] ON [o].[Id] = [a].[OfferentId]
ORDER BY [o].[Id]
2022-11-18 15:24:52.0174 DEBUG Context 'HelpHomeDbContext' started tracking 'Offerent' entity. Consider using 'DbContextOptionsBuilder.EnableSensitiveDataLogging' to see key values.
2022-11-18 15:24:52.0578 DEBUG Context 'HelpHomeDbContext' started tracking 'Address' entity. Consider using 'DbContextOptionsBuilder.EnableSensitiveDataLogging' to see key values.
2022-11-18 15:24:52.0955 DEBUG Context 'HelpHomeDbContext' started tracking 'Offerent' entity. Consider using 'DbContextOptionsBuilder.EnableSensitiveDataLogging' to see key values.
2022-11-18 15:24:52.1149 DEBUG A data reader was disposed.
2022-11-18 15:24:52.1149 DEBUG Closing connection to database 'HelpHomeDb' on server '(localdb)\MSSQLLocalDB'.
2022-11-18 15:24:52.1351 DEBUG Closed connection to database 'HelpHomeDb' on server '(localdb)\MSSQLLocalDB'.
2022-11-18 15:24:52.1649 INFO Executed action method HelpHomeApi.Controllers.OferrentController.GetAllWithPreferences (HelpHomeApi), returned result Microsoft.AspNetCore.Mvc.OkObjectResult in 4770.0937ms.
2022-11-18 15:24:52.1649 TRACE Action Filter: Before executing OnActionExecuted on filter Microsoft.AspNetCore.Mvc.Infrastructure.ModelStateInvalidFilter.
2022-11-18 15:24:52.1649 TRACE Action Filter: After executing OnActionExecuted on filter Microsoft.AspNetCore.Mvc.Infrastructure.ModelStateInvalidFilter.
2022-11-18 15:24:52.1649 TRACE Action Filter: Before executing OnActionExecuted on filter Microsoft.AspNetCore.Mvc.ModelBinding.UnsupportedContentTypeFilter.
2022-11-18 15:24:52.1649 TRACE Action Filter: After executing OnActionExecuted on filter Microsoft.AspNetCore.Mvc.ModelBinding.UnsupportedContentTypeFilter.
2022-11-18 15:24:52.1649 TRACE Action Filter: After executing OnActionExecutionAsync on filter Microsoft.AspNetCore.Mvc.Filters.ControllerActionFilter.
2022-11-18 15:24:52.1649 TRACE Result Filter: Before executing OnResultExecuting on filter Microsoft.AspNetCore.Mvc.Infrastructure.ClientErrorResultFilter.
2022-11-18 15:24:52.1649 TRACE Result Filter: After executing OnResultExecuting on filter Microsoft.AspNetCore.Mvc.Infrastructure.ClientErrorResultFilter.
2022-11-18 15:24:52.1649 TRACE Before executing action result Microsoft.AspNetCore.Mvc.OkObjectResult.
2022-11-18 15:24:52.1649 DEBUG List of registered output formatters, in the following order: Microsoft.AspNetCore.Mvc.Formatters.HttpNoContentOutputFormatter, Microsoft.AspNetCore.Mvc.Formatters.StringOutputFormatter, Microsoft.AspNetCore.Mvc.Formatters.StreamOutputFormatter, Microsoft.AspNetCore.Mvc.Formatters.SystemTextJsonOutputFormatter
2022-11-18 15:24:52.1649 DEBUG No information found on request to perform content negotiation.
2022-11-18 15:24:52.1649 DEBUG Attempting to select an output formatter without using a content type as no explicit content types were specified for the response.
2022-11-18 15:24:52.1649 DEBUG Attempting to select the first formatter in the output formatters list which can write the result.
2022-11-18 15:24:52.1649 DEBUG Selected output formatter 'Microsoft.AspNetCore.Mvc.Formatters.SystemTextJsonOutputFormatter' and content type 'application/json' to write the response.
2022-11-18 15:24:52.1649 INFO Executing OkObjectResult, writing value of type 'System.Collections.Generic.List`1[[Domain.Models.OfferentDto, Domain, Version=1.0.0.0, Culture=neutral, PublicKeyToken=null]]'.
2022-11-18 15:24:52.2086 TRACE After executing action result Microsoft.AspNetCore.Mvc.OkObjectResult.
2022-11-18 15:24:52.2086 TRACE Result Filter: Before executing OnResultExecuted on filter Microsoft.AspNetCore.Mvc.Infrastructure.ClientErrorResultFilter.
2022-11-18 15:24:52.2086 TRACE Result Filter: After executing OnResultExecuted on filter Microsoft.AspNetCore.Mvc.Infrastructure.ClientErrorResultFilter.
2022-11-18 15:24:52.2086 INFO Executed action HelpHomeApi.Controllers.OferrentController.GetAllWithPreferences (HelpHomeApi) in 5395.4425ms
2022-11-18 15:24:52.2086 INFO Executed endpoint 'HelpHomeApi.Controllers.OferrentController.GetAllWithPreferences (HelpHomeApi)'
2022-11-18 15:24:52.2295 DEBUG 'HelpHomeDbContext' disposed.
2022-11-18 15:24:52.2373 INFO Request finished HTTP/1.1 GET https://localhost:44308/api/offerents application/json 56 - 200 - application/json;+charset=utf-8 5513.6830ms
2022-11-18 15:25:06.6593 INFO Request starting HTTP/1.1 DELETE https://localhost:44308/api/offerents/66 application/json 56
2022-11-18 15:25:06.6593 TRACE All hosts are allowed.
2022-11-18 15:25:06.6593 DEBUG 1 candidate(s) found for the request path '/api/offerents/66'
2022-11-18 15:25:06.6593 DEBUG Endpoint 'HelpHomeApi.Controllers.OferrentController.Delete (HelpHomeApi)' with route pattern 'api/offerents/{id}' is valid for the request path '/api/offerents/66'
2022-11-18 15:25:06.6593 DEBUG Request matched endpoint 'HelpHomeApi.Controllers.OferrentController.Delete (HelpHomeApi)'
2022-11-18 15:25:06.6593 INFO Executing endpoint 'HelpHomeApi.Controllers.OferrentController.Delete (HelpHomeApi)'
2022-11-18 15:25:06.6832 INFO Route matched with {action = "Delete", controller = "Oferrent"}. Executing controller action with signature Microsoft.AspNetCore.Mvc.ActionResult Delete(Int32) on controller HelpHomeApi.Controllers.OferrentController (HelpHomeApi).
2022-11-18 15:25:06.6832 DEBUG Execution plan of authorization filters (in the following order): None
2022-11-18 15:25:06.6832 DEBUG Execution plan of resource filters (in the following order): None
2022-11-18 15:25:06.6832 DEBUG Execution plan of action filters (in the following order): Microsoft.AspNetCore.Mvc.Filters.ControllerActionFilter (Order: -2147483648), Microsoft.AspNetCore.Mvc.ModelBinding.UnsupportedContentTypeFilter (Order: -3000), Microsoft.AspNetCore.Mvc.Infrastructure.ModelStateInvalidFilter (Order: -2000)
2022-11-18 15:25:06.6832 DEBUG Execution plan of exception filters (in the following order): None
2022-11-18 15:25:06.6832 DEBUG Execution plan of result filters (in the following order): Microsoft.AspNetCore.Mvc.Infrastructure.ClientErrorResultFilter (Order: -2000)
2022-11-18 15:25:06.6832 DEBUG Executing controller factory for controller HelpHomeApi.Controllers.OferrentController (HelpHomeApi)
2022-11-18 15:25:06.6832 DEBUG Executed controller factory for controller HelpHomeApi.Controllers.OferrentController (HelpHomeApi)
2022-11-18 15:25:06.6832 DEBUG Attempting to bind parameter 'id' of type 'System.Int32' ...
2022-11-18 15:25:06.6909 DEBUG Attempting to bind parameter 'id' of type 'System.Int32' using the name 'id' in request data ...
2022-11-18 15:25:06.6909 DEBUG Done attempting to bind parameter 'id' of type 'System.Int32'.
2022-11-18 15:25:06.6909 DEBUG Done attempting to bind parameter 'id' of type 'System.Int32'.
2022-11-18 15:25:06.6909 DEBUG Attempting to validate the bound parameter 'id' of type 'System.Int32' ...
2022-11-18 15:25:06.6909 DEBUG Done attempting to validate the bound parameter 'id' of type 'System.Int32'.
2022-11-18 15:25:06.6909 TRACE Action Filter: Before executing OnActionExecutionAsync on filter Microsoft.AspNetCore.Mvc.Filters.ControllerActionFilter.
2022-11-18 15:25:06.6909 TRACE Action Filter: Before executing OnActionExecuting on filter Microsoft.AspNetCore.Mvc.ModelBinding.UnsupportedContentTypeFilter.
2022-11-18 15:25:06.6909 TRACE Action Filter: After executing OnActionExecuting on filter Microsoft.AspNetCore.Mvc.ModelBinding.UnsupportedContentTypeFilter.
2022-11-18 15:25:06.6909 TRACE Action Filter: Before executing OnActionExecuting on filter Microsoft.AspNetCore.Mvc.Infrastructure.ModelStateInvalidFilter.
2022-11-18 15:25:06.6909 TRACE Action Filter: After executing OnActionExecuting on filter Microsoft.AspNetCore.Mvc.Infrastructure.ModelStateInvalidFilter.
2022-11-18 15:25:06.6909 INFO Executing action method HelpHomeApi.Controllers.OferrentController.Delete (HelpHomeApi) - Validation state: Valid
2022-11-18 15:25:06.6909 TRACE Executing action method HelpHomeApi.Controllers.OferrentController.Delete (HelpHomeApi) with arguments (66)
2022-11-18 15:25:06.7186 WARN Offerent with id: 66 DELETE action invoked
2022-11-18 15:25:06.7266 INFO Entity Framework Core 6.0.10 initialized 'HelpHomeDbContext' using provider 'Microsoft.EntityFrameworkCore.SqlServer:6.0.10' with options: None
2022-11-18 15:25:06.7391 DEBUG Compiling query expression: 
'DbSet<Offerent>()
    .FirstOrDefault(u => u.Id == __id_0)'
2022-11-18 15:25:06.7635 DEBUG Generated query execution expression: 
'queryContext => new SingleQueryingEnumerable<Offerent>(
    (RelationalQueryContext)queryContext, 
    RelationalCommandCache.SelectExpression(
        Projection Mapping:
            EmptyProjectionMember -> Dictionary<IProperty, int> { [Property: Offerent.Id (int) Required PK AfterSave:Throw ValueGenerated.OnAdd, 0], [Property: Offerent.Email (string) Required, 1], [Property: Offerent.Name (string) Required MaxLength(25), 2], [Property: Offerent.PhoneNumber (string) Required, 3] }
        SELECT TOP(1) o.Id, o.Email, o.Name, o.PhoneNumber
        FROM Oferrents AS o
        WHERE o.Id == @__id_0), 
    Func<QueryContext, DbDataReader, ResultContext, SingleQueryResultCoordinator, Offerent>, 
    Data.HelpHomeDbContext, 
    False, 
    False, 
    True
)
    .SingleOrDefault()'
2022-11-18 15:25:06.7705 DEBUG Creating DbCommand for 'ExecuteReader'.
2022-11-18 15:25:06.7705 DEBUG Created DbCommand for 'ExecuteReader' (0ms).
2022-11-18 15:25:06.7705 DEBUG Opening connection to database 'HelpHomeDb' on server '(localdb)\MSSQLLocalDB'.
2022-11-18 15:25:06.7705 DEBUG Opened connection to database 'HelpHomeDb' on server '(localdb)\MSSQLLocalDB'.
2022-11-18 15:25:06.7908 DEBUG Executing DbCommand [Parameters=[@__id_0='?' (DbType = Int32)], CommandType='Text', CommandTimeout='30']
SELECT TOP(1) [o].[Id], [o].[Email], [o].[Name], [o].[PhoneNumber]
FROM [Oferrents] AS [o]
WHERE [o].[Id] = @__id_0
2022-11-18 15:25:06.8439 INFO Executed DbCommand (63ms) [Parameters=[@__id_0='?' (DbType = Int32)], CommandType='Text', CommandTimeout='30']
SELECT TOP(1) [o].[Id], [o].[Email], [o].[Name], [o].[PhoneNumber]
FROM [Oferrents] AS [o]
WHERE [o].[Id] = @__id_0
2022-11-18 15:25:06.8467 DEBUG A data reader was disposed.
2022-11-18 15:25:06.8467 DEBUG Closing connection to database 'HelpHomeDb' on server '(localdb)\MSSQLLocalDB'.
2022-11-18 15:25:06.8467 DEBUG Closed connection to database 'HelpHomeDb' on server '(localdb)\MSSQLLocalDB'.
2022-11-18 15:25:06.8467 INFO Executed action method HelpHomeApi.Controllers.OferrentController.Delete (HelpHomeApi), returned result Microsoft.AspNetCore.Mvc.NotFoundResult in 151.3115ms.
2022-11-18 15:25:06.8467 TRACE Action Filter: Before executing OnActionExecuted on filter Microsoft.AspNetCore.Mvc.Infrastructure.ModelStateInvalidFilter.
2022-11-18 15:25:06.8467 TRACE Action Filter: After executing OnActionExecuted on filter Microsoft.AspNetCore.Mvc.Infrastructure.ModelStateInvalidFilter.
2022-11-18 15:25:06.8467 TRACE Action Filter: Before executing OnActionExecuted on filter Microsoft.AspNetCore.Mvc.ModelBinding.UnsupportedContentTypeFilter.
2022-11-18 15:25:06.8467 TRACE Action Filter: After executing OnActionExecuted on filter Microsoft.AspNetCore.Mvc.ModelBinding.UnsupportedContentTypeFilter.
2022-11-18 15:25:06.8467 TRACE Action Filter: After executing OnActionExecutionAsync on filter Microsoft.AspNetCore.Mvc.Filters.ControllerActionFilter.
2022-11-18 15:25:06.8467 TRACE Result Filter: Before executing OnResultExecuting on filter Microsoft.AspNetCore.Mvc.Infrastructure.ClientErrorResultFilter.
2022-11-18 15:25:06.8467 TRACE Replacing Microsoft.AspNetCore.Mvc.NotFoundResult with status code 404 with Microsoft.AspNetCore.Mvc.ObjectResult.
2022-11-18 15:25:06.8467 TRACE Result Filter: After executing OnResultExecuting on filter Microsoft.AspNetCore.Mvc.Infrastructure.ClientErrorResultFilter.
2022-11-18 15:25:06.8467 TRACE Before executing action result Microsoft.AspNetCore.Mvc.ObjectResult.
2022-11-18 15:25:06.8467 DEBUG List of registered output formatters, in the following order: Microsoft.AspNetCore.Mvc.Formatters.HttpNoContentOutputFormatter, Microsoft.AspNetCore.Mvc.Formatters.StringOutputFormatter, Microsoft.AspNetCore.Mvc.Formatters.StreamOutputFormatter, Microsoft.AspNetCore.Mvc.Formatters.SystemTextJsonOutputFormatter
2022-11-18 15:25:06.8467 DEBUG No information found on request to perform content negotiation.
2022-11-18 15:25:06.8467 DEBUG Attempting to select the first output formatter in the output formatters list which supports a content type from the explicitly specified content types 'application/problem+json, application/problem+xml, application/problem+json, application/problem+xml'.
2022-11-18 15:25:06.8467 DEBUG Selected output formatter 'Microsoft.AspNetCore.Mvc.Formatters.SystemTextJsonOutputFormatter' and content type 'application/problem+json' to write the response.
2022-11-18 15:25:06.8467 INFO Executing ObjectResult, writing value of type 'Microsoft.AspNetCore.Mvc.ProblemDetails'.
2022-11-18 15:25:06.8467 TRACE After executing action result Microsoft.AspNetCore.Mvc.ObjectResult.
2022-11-18 15:25:06.8467 TRACE Result Filter: Before executing OnResultExecuted on filter Microsoft.AspNetCore.Mvc.Infrastructure.ClientErrorResultFilter.
2022-11-18 15:25:06.8467 TRACE Result Filter: After executing OnResultExecuted on filter Microsoft.AspNetCore.Mvc.Infrastructure.ClientErrorResultFilter.
2022-11-18 15:25:06.8467 INFO Executed action HelpHomeApi.Controllers.OferrentController.Delete (HelpHomeApi) in 174.7826ms
2022-11-18 15:25:06.8467 INFO Executed endpoint 'HelpHomeApi.Controllers.OferrentController.Delete (HelpHomeApi)'
2022-11-18 15:25:06.8467 DEBUG 'HelpHomeDbContext' disposed.
2022-11-18 15:25:06.8467 INFO Request finished HTTP/1.1 DELETE https://localhost:44308/api/offerents/66 application/json 56 - 404 - application/problem+json;+charset=utf-8 199.3280ms
