2022-11-18 15:01:15.4274 INFO Application started. Press Ctrl+C to shut down.
2022-11-18 15:01:15.4274 INFO Hosting environment: Development
2022-11-18 15:01:15.4599 INFO Content root path: C:\Users\Dell\source\repos\HelpHome\HelpHome\
2022-11-18 15:01:15.4859 INFO Request starting HTTP/2 GET https://localhost:44308/weatherforecast - -
2022-11-18 15:01:15.7505 INFO Request finished HTTP/2 GET https://localhost:44308/weatherforecast - - - 404 - - 270.3391ms
2022-11-18 15:02:23.7665 INFO Request starting HTTP/1.1 DELETE https://localhost:44308/api/seekers/44 application/json 56
2022-11-18 15:02:23.8321 INFO Executing endpoint 'HelpHomeApi.Controllers.SeekerController.Delete (HelpHomeApi)'
2022-11-18 15:02:23.9015 INFO Route matched with {action = "Delete", controller = "Seeker"}. Executing controller action with signature Microsoft.AspNetCore.Mvc.ActionResult Delete(Int32) on controller HelpHomeApi.Controllers.SeekerController (HelpHomeApi).
2022-11-18 15:02:24.4866 INFO Executing action method HelpHomeApi.Controllers.SeekerController.Delete (HelpHomeApi) - Validation state: Valid
2022-11-18 15:02:26.0971 INFO Entity Framework Core 6.0.10 initialized 'HelpHomeDbContext' using provider 'Microsoft.EntityFrameworkCore.SqlServer:6.0.10' with options: None
2022-11-18 15:02:43.0207 INFO Executed action HelpHomeApi.Controllers.SeekerController.Delete (HelpHomeApi) in 19116.8969ms
2022-11-18 15:02:43.0388 INFO Executed endpoint 'HelpHomeApi.Controllers.SeekerController.Delete (HelpHomeApi)'
2022-11-18 15:02:43.1546 INFO Request finished HTTP/1.1 DELETE https://localhost:44308/api/seekers/44 application/json 56 - 500 - text/plain;+charset=utf-8 19388.1607ms
2022-11-18 15:03:55.1800 INFO Entity Framework Core 6.0.10 initialized 'HelpHomeDbContext' using provider 'Microsoft.EntityFrameworkCore.SqlServer:6.0.10' with options: None
2022-11-18 15:04:09.5220 INFO Entity Framework Core 6.0.10 initialized 'HelpHomeDbContext' using provider 'Microsoft.EntityFrameworkCore.SqlServer:6.0.10' with options: None
2022-11-18 15:04:40.9425 INFO Entity Framework Core 6.0.10 initialized 'HelpHomeDbContext' using provider 'Microsoft.EntityFrameworkCore.SqlServer:6.0.10' with options: None
2022-11-18 15:04:56.3807 INFO Entity Framework Core 6.0.10 initialized 'HelpHomeDbContext' using provider 'Microsoft.EntityFrameworkCore.SqlServer:6.0.10' with options: None
2022-11-18 15:19:41.6738 INFO Application started. Press Ctrl+C to shut down.
2022-11-18 15:19:41.6738 INFO Hosting environment: Development
2022-11-18 15:19:41.6738 INFO Content root path: C:\Users\Dell\source\repos\HelpHome\HelpHome\
2022-11-18 15:19:41.7041 INFO Request starting HTTP/2 GET https://localhost:44308/weatherforecast - -
2022-11-18 15:19:41.9399 INFO Request finished HTTP/2 GET https://localhost:44308/weatherforecast - - - 404 - - 241.1914ms
2022-11-18 15:20:06.2520 INFO Request starting HTTP/1.1 GET https://localhost:44308/api/offerents application/json 56
2022-11-18 15:20:06.2779 INFO Executing endpoint 'HelpHomeApi.Controllers.OferrentController.GetAllWithPreferences (HelpHomeApi)'
2022-11-18 15:20:06.3077 INFO Route matched with {action = "GetAllWithPreferences", controller = "Oferrent"}. Executing controller action with signature Microsoft.AspNetCore.Mvc.ActionResult`1[System.Collections.Generic.IEnumerable`1[Domain.Models.OfferentDto]] GetAllWithPreferences() on controller HelpHomeApi.Controllers.OferrentController (HelpHomeApi).
2022-11-18 15:20:06.4666 INFO Executed action HelpHomeApi.Controllers.OferrentController.GetAllWithPreferences (HelpHomeApi) in 149.2233ms
2022-11-18 15:20:06.4666 INFO Executed endpoint 'HelpHomeApi.Controllers.OferrentController.GetAllWithPreferences (HelpHomeApi)'
2022-11-18 15:20:06.5821 INFO Request finished HTTP/1.1 GET https://localhost:44308/api/offerents application/json 56 - 500 - text/plain;+charset=utf-8 330.0911ms
2022-11-18 15:22:14.3033 INFO Application started. Press Ctrl+C to shut down.
2022-11-18 15:22:14.3033 INFO Hosting environment: Development
2022-11-18 15:22:14.3033 INFO Content root path: C:\Users\Dell\source\repos\HelpHome\HelpHome\
2022-11-18 15:22:14.3301 INFO Request starting HTTP/1.1 GET https://localhost:44308/api/offerents application/json 56
2022-11-18 15:22:14.3301 INFO Request starting HTTP/2 GET https://localhost:44308/weatherforecast - -
2022-11-18 15:22:14.4245 INFO Executing endpoint 'HelpHomeApi.Controllers.OferrentController.GetAllWithPreferences (HelpHomeApi)'
2022-11-18 15:22:14.4529 INFO Request finished HTTP/2 GET https://localhost:44308/weatherforecast - - - 404 - - 127.2523ms
2022-11-18 15:22:14.4659 INFO Route matched with {action = "GetAllWithPreferences", controller = "Oferrent"}. Executing controller action with signature Microsoft.AspNetCore.Mvc.ActionResult`1[System.Collections.Generic.IEnumerable`1[Domain.Models.OfferentDto]] GetAllWithPreferences() on controller HelpHomeApi.Controllers.OferrentController (HelpHomeApi).
2022-11-18 15:22:15.1291 INFO Executing action method HelpHomeApi.Controllers.OferrentController.GetAllWithPreferences (HelpHomeApi) - Validation state: Valid
2022-11-18 15:22:16.6424 INFO Entity Framework Core 6.0.10 initialized 'HelpHomeDbContext' using provider 'Microsoft.EntityFrameworkCore.SqlServer:6.0.10' with options: None
2022-11-18 15:22:29.6809 INFO Executed action HelpHomeApi.Controllers.OferrentController.GetAllWithPreferences (HelpHomeApi) in 15198.9747ms
2022-11-18 15:22:29.6809 INFO Executed endpoint 'HelpHomeApi.Controllers.OferrentController.GetAllWithPreferences (HelpHomeApi)'
2022-11-18 15:22:29.7893 INFO Request finished HTTP/1.1 GET https://localhost:44308/api/offerents application/json 56 - 500 - text/plain;+charset=utf-8 15465.1014ms
2022-11-18 15:23:44.2127 INFO Entity Framework Core 6.0.10 initialized 'HelpHomeDbContext' using provider 'Microsoft.EntityFrameworkCore.SqlServer:6.0.10' with options: None
2022-11-18 15:23:45.0623 INFO Executed DbCommand (366ms) [Parameters=[], CommandType='Text', CommandTimeout='60']
CREATE DATABASE [HelpHomeDb];
2022-11-18 15:23:45.1862 INFO Executed DbCommand (121ms) [Parameters=[], CommandType='Text', CommandTimeout='60']
IF SERVERPROPERTY('EngineEdition') <> 5
BEGIN
    ALTER DATABASE [HelpHomeDb] SET READ_COMMITTED_SNAPSHOT ON;
END;
2022-11-18 15:23:45.2163 INFO Executed DbCommand (11ms) [Parameters=[], CommandType='Text', CommandTimeout='30']
SELECT 1
2022-11-18 15:23:45.3910 INFO Executed DbCommand (14ms) [Parameters=[], CommandType='Text', CommandTimeout='30']
CREATE TABLE [__EFMigrationsHistory] (
    [MigrationId] nvarchar(150) NOT NULL,
    [ProductVersion] nvarchar(32) NOT NULL,
    CONSTRAINT [PK___EFMigrationsHistory] PRIMARY KEY ([MigrationId])
);
2022-11-18 15:23:45.3942 INFO Executed DbCommand (1ms) [Parameters=[], CommandType='Text', CommandTimeout='30']
SELECT 1
2022-11-18 15:23:45.4384 INFO Executed DbCommand (27ms) [Parameters=[], CommandType='Text', CommandTimeout='30']
SELECT OBJECT_ID(N'[__EFMigrationsHistory]');
2022-11-18 15:23:45.4402 INFO Executed DbCommand (4ms) [Parameters=[], CommandType='Text', CommandTimeout='30']
SELECT [MigrationId], [ProductVersion]
FROM [__EFMigrationsHistory]
ORDER BY [MigrationId];
2022-11-18 15:23:45.4685 INFO Applying migration '20221117182453_Init'.
2022-11-18 15:23:45.5497 INFO Executed DbCommand (3ms) [Parameters=[], CommandType='Text', CommandTimeout='30']
CREATE TABLE [Oferrents] (
    [Id] int NOT NULL IDENTITY,
    [Name] nvarchar(25) NOT NULL,
    [Email] nvarchar(max) NOT NULL,
    [PhoneNumber] nvarchar(max) NOT NULL,
    CONSTRAINT [PK_Oferrents] PRIMARY KEY ([Id])
);
2022-11-18 15:23:45.5663 INFO Executed DbCommand (3ms) [Parameters=[], CommandType='Text', CommandTimeout='30']
CREATE TABLE [Addresses] (
    [Id] int NOT NULL IDENTITY,
    [City] nvarchar(50) NOT NULL,
    [Street] nvarchar(max) NOT NULL,
    [PostalCode] nvarchar(max) NOT NULL,
    [OfferentId] int NOT NULL,
    CONSTRAINT [PK_Addresses] PRIMARY KEY ([Id]),
    CONSTRAINT [FK_Addresses_Oferrents_OfferentId] FOREIGN KEY ([OfferentId]) REFERENCES [Oferrents] ([Id]) ON DELETE CASCADE
);
2022-11-18 15:23:45.5663 INFO Executed DbCommand (2ms) [Parameters=[], CommandType='Text', CommandTimeout='30']
CREATE TABLE [Seekers] (
    [Id] int NOT NULL IDENTITY,
    [Name] nvarchar(25) NOT NULL,
    [Email] nvarchar(max) NOT NULL,
    [PhoneNumber] nvarchar(max) NOT NULL,
    [OfferentId] int NULL,
    CONSTRAINT [PK_Seekers] PRIMARY KEY ([Id]),
    CONSTRAINT [FK_Seekers_Oferrents_OfferentId] FOREIGN KEY ([OfferentId]) REFERENCES [Oferrents] ([Id])
);
2022-11-18 15:23:45.5663 INFO Executed DbCommand (4ms) [Parameters=[], CommandType='Text', CommandTimeout='30']
CREATE TABLE [CarpetWashingOffers] (
    [Id] int NOT NULL IDENTITY,
    [CarpetCount] int NOT NULL,
    [CreatedDate] datetime2 NOT NULL DEFAULT (getutcdate()),
    [UpdateDate] datetime2 NOT NULL,
    [Regularity] int NOT NULL,
    [PriceOffer] int NOT NULL,
    [SeekerId] int NOT NULL,
    [Name] nvarchar(max) NOT NULL,
    CONSTRAINT [PK_CarpetWashingOffers] PRIMARY KEY ([Id]),
    CONSTRAINT [FK_CarpetWashingOffers_Seekers_SeekerId] FOREIGN KEY ([SeekerId]) REFERENCES [Seekers] ([Id]) ON DELETE CASCADE
);
2022-11-18 15:23:45.7137 INFO Executed DbCommand (5ms) [Parameters=[], CommandType='Text', CommandTimeout='30']
CREATE TABLE [CleaningOffers] (
    [Id] int NOT NULL IDENTITY,
    [CreatedDate] datetime2 NOT NULL DEFAULT (getutcdate()),
    [UpdateDate] datetime2 NOT NULL,
    [Regularity] int NOT NULL,
    [SurfaceToClean] int NOT NULL,
    [PriceOffer] int NOT NULL,
    [SeekerId] int NOT NULL,
    [Name] nvarchar(max) NOT NULL,
    CONSTRAINT [PK_CleaningOffers] PRIMARY KEY ([Id]),
    CONSTRAINT [FK_CleaningOffers_Seekers_SeekerId] FOREIGN KEY ([SeekerId]) REFERENCES [Seekers] ([Id]) ON DELETE CASCADE
);
2022-11-18 15:23:45.7278 INFO Executed DbCommand (8ms) [Parameters=[], CommandType='Text', CommandTimeout='30']
CREATE TABLE [WindowsCleaningOffers] (
    [Id] int NOT NULL IDENTITY,
    [CreatedDate] datetime2 NOT NULL DEFAULT (getutcdate()),
    [UpdateDate] datetime2 NOT NULL,
    [Regularity] int NOT NULL,
    [WindowsCount] int NOT NULL,
    [PriceOffer] int NOT NULL,
    [SeekerId] int NOT NULL,
    [Name] nvarchar(max) NOT NULL,
    CONSTRAINT [PK_WindowsCleaningOffers] PRIMARY KEY ([Id]),
    CONSTRAINT [FK_WindowsCleaningOffers_Seekers_SeekerId] FOREIGN KEY ([SeekerId]) REFERENCES [Seekers] ([Id]) ON DELETE CASCADE
);
2022-11-18 15:23:47.2077 INFO Executed DbCommand (40ms) [Parameters=[], CommandType='Text', CommandTimeout='30']
IF EXISTS (SELECT * FROM [sys].[identity_columns] WHERE [name] IN (N'Id', N'Email', N'Name', N'PhoneNumber') AND [object_id] = OBJECT_ID(N'[Oferrents]'))
    SET IDENTITY_INSERT [Oferrents] ON;
INSERT INTO [Oferrents] ([Id], [Email], [Name], [PhoneNumber])
VALUES (1, N'jdsks@com', N'Jan Kowalski', N'123456'),
(2, N'Ania@pl', N'Ania Nowak', N'234123111');
IF EXISTS (SELECT * FROM [sys].[identity_columns] WHERE [name] IN (N'Id', N'Email', N'Name', N'PhoneNumber') AND [object_id] = OBJECT_ID(N'[Oferrents]'))
    SET IDENTITY_INSERT [Oferrents] OFF;
2022-11-18 15:23:47.2077 INFO Executed DbCommand (12ms) [Parameters=[], CommandType='Text', CommandTimeout='30']
IF EXISTS (SELECT * FROM [sys].[identity_columns] WHERE [name] IN (N'Id', N'Email', N'Name', N'OfferentId', N'PhoneNumber') AND [object_id] = OBJECT_ID(N'[Seekers]'))
    SET IDENTITY_INSERT [Seekers] ON;
INSERT INTO [Seekers] ([Id], [Email], [Name], [OfferentId], [PhoneNumber])
VALUES (1, N'jdsks@com', N'Romuald Krawczyk', NULL, N'123456'),
(2, N'Ania@pl', N'Alicja Olos', NULL, N'234123111');
IF EXISTS (SELECT * FROM [sys].[identity_columns] WHERE [name] IN (N'Id', N'Email', N'Name', N'OfferentId', N'PhoneNumber') AND [object_id] = OBJECT_ID(N'[Seekers]'))
    SET IDENTITY_INSERT [Seekers] OFF;
2022-11-18 15:23:47.2385 INFO Executed DbCommand (17ms) [Parameters=[], CommandType='Text', CommandTimeout='30']
IF EXISTS (SELECT * FROM [sys].[identity_columns] WHERE [name] IN (N'Id', N'CreatedDate', N'Name', N'PriceOffer', N'Regularity', N'SeekerId', N'SurfaceToClean', N'UpdateDate') AND [object_id] = OBJECT_ID(N'[CleaningOffers]'))
    SET IDENTITY_INSERT [CleaningOffers] ON;
INSERT INTO [CleaningOffers] ([Id], [CreatedDate], [Name], [PriceOffer], [Regularity], [SeekerId], [SurfaceToClean], [UpdateDate])
VALUES (1, '2022-11-17T18:24:52.8089579Z', N'Sprzątanie', 50, 0, 1, 100, '0001-01-01T00:00:00.0000000');
IF EXISTS (SELECT * FROM [sys].[identity_columns] WHERE [name] IN (N'Id', N'CreatedDate', N'Name', N'PriceOffer', N'Regularity', N'SeekerId', N'SurfaceToClean', N'UpdateDate') AND [object_id] = OBJECT_ID(N'[CleaningOffers]'))
    SET IDENTITY_INSERT [CleaningOffers] OFF;
2022-11-18 15:23:48.5504 INFO Executed DbCommand (2ms) [Parameters=[], CommandType='Text', CommandTimeout='30']
CREATE INDEX [IX_Addresses_OfferentId] ON [Addresses] ([OfferentId]);
2022-11-18 15:23:48.5504 INFO Executed DbCommand (1ms) [Parameters=[], CommandType='Text', CommandTimeout='30']
CREATE INDEX [IX_CarpetWashingOffers_SeekerId] ON [CarpetWashingOffers] ([SeekerId]);
2022-11-18 15:23:48.5504 INFO Executed DbCommand (7ms) [Parameters=[], CommandType='Text', CommandTimeout='30']
CREATE INDEX [IX_CleaningOffers_SeekerId] ON [CleaningOffers] ([SeekerId]);
2022-11-18 15:23:48.5504 INFO Executed DbCommand (3ms) [Parameters=[], CommandType='Text', CommandTimeout='30']
CREATE INDEX [IX_Seekers_OfferentId] ON [Seekers] ([OfferentId]);
2022-11-18 15:23:48.5647 INFO Executed DbCommand (2ms) [Parameters=[], CommandType='Text', CommandTimeout='30']
CREATE INDEX [IX_WindowsCleaningOffers_SeekerId] ON [WindowsCleaningOffers] ([SeekerId]);
2022-11-18 15:23:48.5647 INFO Executed DbCommand (3ms) [Parameters=[], CommandType='Text', CommandTimeout='30']
INSERT INTO [__EFMigrationsHistory] ([MigrationId], [ProductVersion])
VALUES (N'20221117182453_Init', N'6.0.10');
2022-11-18 15:23:48.5647 INFO Applying migration '20221117182758_AddAddress'.
2022-11-18 15:23:48.5964 INFO Executed DbCommand (11ms) [Parameters=[], CommandType='Text', CommandTimeout='30']
IF EXISTS (SELECT * FROM [sys].[identity_columns] WHERE [name] IN (N'Id', N'City', N'OfferentId', N'PostalCode', N'Street') AND [object_id] = OBJECT_ID(N'[Addresses]'))
    SET IDENTITY_INSERT [Addresses] ON;
INSERT INTO [Addresses] ([Id], [City], [OfferentId], [PostalCode], [Street])
VALUES (1, N'Orzesze', 1, N'43-190', N'Dworcowa');
IF EXISTS (SELECT * FROM [sys].[identity_columns] WHERE [name] IN (N'Id', N'City', N'OfferentId', N'PostalCode', N'Street') AND [object_id] = OBJECT_ID(N'[Addresses]'))
    SET IDENTITY_INSERT [Addresses] OFF;
2022-11-18 15:23:49.6050 INFO Executed DbCommand (4ms) [Parameters=[], CommandType='Text', CommandTimeout='30']
UPDATE [CleaningOffers] SET [CreatedDate] = '2022-11-17T18:27:57.4813975Z'
WHERE [Id] = 1;
SELECT @@ROWCOUNT;
2022-11-18 15:23:49.6127 INFO Executed DbCommand (1ms) [Parameters=[], CommandType='Text', CommandTimeout='30']
INSERT INTO [__EFMigrationsHistory] ([MigrationId], [ProductVersion])
VALUES (N'20221117182758_AddAddress', N'6.0.10');
2022-11-18 15:23:49.6127 INFO Applying migration '20221118140441_Initialization'.
2022-11-18 15:23:49.6322 INFO Executed DbCommand (1ms) [Parameters=[], CommandType='Text', CommandTimeout='30']
UPDATE [CleaningOffers] SET [CreatedDate] = '2022-11-18T14:04:41.0004904Z'
WHERE [Id] = 1;
SELECT @@ROWCOUNT;
2022-11-18 15:23:49.6322 INFO Executed DbCommand (0ms) [Parameters=[], CommandType='Text', CommandTimeout='30']
INSERT INTO [__EFMigrationsHistory] ([MigrationId], [ProductVersion])
VALUES (N'20221118140441_Initialization', N'6.0.10');
2022-11-18 15:24:25.9116 INFO Application started. Press Ctrl+C to shut down.
2022-11-18 15:24:25.9116 INFO Hosting environment: Development
2022-11-18 15:24:25.9116 INFO Content root path: C:\Users\Dell\source\repos\HelpHome\HelpHome\
2022-11-18 15:24:25.9335 INFO Request starting HTTP/2 GET https://localhost:44308/weatherforecast - -
2022-11-18 15:24:26.1122 INFO Request finished HTTP/2 GET https://localhost:44308/weatherforecast - - - 404 - - 156.2749ms
2022-11-18 15:24:46.7236 INFO Request starting HTTP/1.1 GET https://localhost:44308/api/offerents application/json 56
2022-11-18 15:24:46.7554 INFO Executing endpoint 'HelpHomeApi.Controllers.OferrentController.GetAllWithPreferences (HelpHomeApi)'
2022-11-18 15:24:46.8031 INFO Route matched with {action = "GetAllWithPreferences", controller = "Oferrent"}. Executing controller action with signature Microsoft.AspNetCore.Mvc.ActionResult`1[System.Collections.Generic.IEnumerable`1[Domain.Models.OfferentDto]] GetAllWithPreferences() on controller HelpHomeApi.Controllers.OferrentController (HelpHomeApi).
2022-11-18 15:24:47.3880 INFO Executing action method HelpHomeApi.Controllers.OferrentController.GetAllWithPreferences (HelpHomeApi) - Validation state: Valid
2022-11-18 15:24:49.0608 INFO Entity Framework Core 6.0.10 initialized 'HelpHomeDbContext' using provider 'Microsoft.EntityFrameworkCore.SqlServer:6.0.10' with options: None
2022-11-18 15:24:51.9584 INFO Executed DbCommand (70ms) [Parameters=[], CommandType='Text', CommandTimeout='30']
SELECT [o].[Id], [o].[Email], [o].[Name], [o].[PhoneNumber], [a].[Id], [a].[City], [a].[OfferentId], [a].[PostalCode], [a].[Street]
FROM [Oferrents] AS [o]
LEFT JOIN [Addresses] AS [a] ON [o].[Id] = [a].[OfferentId]
ORDER BY [o].[Id]
2022-11-18 15:24:52.1649 INFO Executed action method HelpHomeApi.Controllers.OferrentController.GetAllWithPreferences (HelpHomeApi), returned result Microsoft.AspNetCore.Mvc.OkObjectResult in 4770.0937ms.
2022-11-18 15:24:52.1649 INFO Executing OkObjectResult, writing value of type 'System.Collections.Generic.List`1[[Domain.Models.OfferentDto, Domain, Version=1.0.0.0, Culture=neutral, PublicKeyToken=null]]'.
2022-11-18 15:24:52.2086 INFO Executed action HelpHomeApi.Controllers.OferrentController.GetAllWithPreferences (HelpHomeApi) in 5395.4425ms
2022-11-18 15:24:52.2086 INFO Executed endpoint 'HelpHomeApi.Controllers.OferrentController.GetAllWithPreferences (HelpHomeApi)'
2022-11-18 15:24:52.2373 INFO Request finished HTTP/1.1 GET https://localhost:44308/api/offerents application/json 56 - 200 - application/json;+charset=utf-8 5513.6830ms
2022-11-18 15:25:06.6593 INFO Request starting HTTP/1.1 DELETE https://localhost:44308/api/offerents/66 application/json 56
2022-11-18 15:25:06.6593 INFO Executing endpoint 'HelpHomeApi.Controllers.OferrentController.Delete (HelpHomeApi)'
2022-11-18 15:25:06.6832 INFO Route matched with {action = "Delete", controller = "Oferrent"}. Executing controller action with signature Microsoft.AspNetCore.Mvc.ActionResult Delete(Int32) on controller HelpHomeApi.Controllers.OferrentController (HelpHomeApi).
2022-11-18 15:25:06.6909 INFO Executing action method HelpHomeApi.Controllers.OferrentController.Delete (HelpHomeApi) - Validation state: Valid
2022-11-18 15:25:06.7186 WARN Offerent with id: 66 DELETE action invoked
2022-11-18 15:25:06.7266 INFO Entity Framework Core 6.0.10 initialized 'HelpHomeDbContext' using provider 'Microsoft.EntityFrameworkCore.SqlServer:6.0.10' with options: None
2022-11-18 15:25:06.8439 INFO Executed DbCommand (63ms) [Parameters=[@__id_0='?' (DbType = Int32)], CommandType='Text', CommandTimeout='30']
SELECT TOP(1) [o].[Id], [o].[Email], [o].[Name], [o].[PhoneNumber]
FROM [Oferrents] AS [o]
WHERE [o].[Id] = @__id_0
2022-11-18 15:25:06.8467 INFO Executed action method HelpHomeApi.Controllers.OferrentController.Delete (HelpHomeApi), returned result Microsoft.AspNetCore.Mvc.NotFoundResult in 151.3115ms.
2022-11-18 15:25:06.8467 INFO Executing ObjectResult, writing value of type 'Microsoft.AspNetCore.Mvc.ProblemDetails'.
2022-11-18 15:25:06.8467 INFO Executed action HelpHomeApi.Controllers.OferrentController.Delete (HelpHomeApi) in 174.7826ms
2022-11-18 15:25:06.8467 INFO Executed endpoint 'HelpHomeApi.Controllers.OferrentController.Delete (HelpHomeApi)'
2022-11-18 15:25:06.8467 INFO Request finished HTTP/1.1 DELETE https://localhost:44308/api/offerents/66 application/json 56 - 404 - application/problem+json;+charset=utf-8 199.3280ms
